[2024-11-01 21:20:13,968] {taskinstance.py:1159} INFO - Dependencies all met for <TaskInstance: example_bash_operator.runme_1 scheduled__2024-10-31T00:00:00+00:00 [queued]>
[2024-11-01 21:20:13,973] {taskinstance.py:1159} INFO - Dependencies all met for <TaskInstance: example_bash_operator.runme_1 scheduled__2024-10-31T00:00:00+00:00 [queued]>
[2024-11-01 21:20:13,973] {taskinstance.py:1356} INFO - 
--------------------------------------------------------------------------------
[2024-11-01 21:20:13,973] {taskinstance.py:1357} INFO - Starting attempt 1 of 1
[2024-11-01 21:20:13,973] {taskinstance.py:1358} INFO - 
--------------------------------------------------------------------------------
[2024-11-01 21:20:13,983] {taskinstance.py:1377} INFO - Executing <Task(BashOperator): runme_1> on 2024-10-31 00:00:00+00:00
[2024-11-01 21:20:13,985] {standard_task_runner.py:52} INFO - Started process 64 to run task
[2024-11-01 21:20:13,987] {standard_task_runner.py:79} INFO - Running: ['***', 'tasks', 'run', 'example_bash_operator', 'runme_1', 'scheduled__2024-10-31T00:00:00+00:00', '--job-id', '5', '--raw', '--subdir', '/home/***/.local/lib/python3.7/site-packages/***/example_dags/example_bash_operator.py', '--cfg-path', '/tmp/tmp1p6j6b_2', '--error-file', '/tmp/tmp5hj7mbgj']
[2024-11-01 21:20:13,987] {standard_task_runner.py:80} INFO - Job 5: Subtask runme_1
[2024-11-01 21:20:14,032] {task_command.py:369} INFO - Running <TaskInstance: example_bash_operator.runme_1 scheduled__2024-10-31T00:00:00+00:00 [running]> on host kobanenko-Standard-PC-i440FX-PIIX-1996
[2024-11-01 21:20:14,092] {taskinstance.py:1571} INFO - Exporting the following env vars:
AIRFLOW_CTX_DAG_OWNER=***
AIRFLOW_CTX_DAG_ID=example_bash_operator
AIRFLOW_CTX_TASK_ID=runme_1
AIRFLOW_CTX_EXECUTION_DATE=2024-10-31T00:00:00+00:00
AIRFLOW_CTX_TRY_NUMBER=1
AIRFLOW_CTX_DAG_RUN_ID=scheduled__2024-10-31T00:00:00+00:00
[2024-11-01 21:20:14,093] {subprocess.py:62} INFO - Tmp dir root location: 
 /tmp
[2024-11-01 21:20:14,093] {subprocess.py:74} INFO - Running command: ['bash', '-c', 'echo "example_bash_operator__runme_1__20241031" && sleep 1']
[2024-11-01 21:20:14,102] {subprocess.py:85} INFO - Output:
[2024-11-01 21:20:14,104] {subprocess.py:92} INFO - example_bash_operator__runme_1__20241031
[2024-11-01 21:20:15,106] {subprocess.py:96} INFO - Command exited with return code 0
[2024-11-01 21:20:15,128] {taskinstance.py:1400} INFO - Marking task as SUCCESS. dag_id=example_bash_operator, task_id=runme_1, execution_date=20241031T000000, start_date=20241101T212013, end_date=20241101T212015
[2024-11-01 21:20:15,164] {local_task_job.py:156} INFO - Task exited with return code 0
[2024-11-01 21:20:15,192] {local_task_job.py:273} INFO - 0 downstream tasks scheduled from follow-on schedule check
