[2024-11-01 21:20:53,131] {taskinstance.py:1159} INFO - Dependencies all met for <TaskInstance: example_bash_operator.runme_2 manual__2024-11-01T21:20:52.764757+00:00 [queued]>
[2024-11-01 21:20:53,137] {taskinstance.py:1159} INFO - Dependencies all met for <TaskInstance: example_bash_operator.runme_2 manual__2024-11-01T21:20:52.764757+00:00 [queued]>
[2024-11-01 21:20:53,138] {taskinstance.py:1356} INFO - 
--------------------------------------------------------------------------------
[2024-11-01 21:20:53,138] {taskinstance.py:1357} INFO - Starting attempt 1 of 1
[2024-11-01 21:20:53,138] {taskinstance.py:1358} INFO - 
--------------------------------------------------------------------------------
[2024-11-01 21:20:53,152] {taskinstance.py:1377} INFO - Executing <Task(BashOperator): runme_2> on 2024-11-01 21:20:52.764757+00:00
[2024-11-01 21:20:53,156] {standard_task_runner.py:52} INFO - Started process 82 to run task
[2024-11-01 21:20:53,159] {standard_task_runner.py:79} INFO - Running: ['***', 'tasks', 'run', 'example_bash_operator', 'runme_2', 'manual__2024-11-01T21:20:52.764757+00:00', '--job-id', '9', '--raw', '--subdir', '/home/***/.local/lib/python3.7/site-packages/***/example_dags/example_bash_operator.py', '--cfg-path', '/tmp/tmpgm6riu2v', '--error-file', '/tmp/tmp10otmh4b']
[2024-11-01 21:20:53,159] {standard_task_runner.py:80} INFO - Job 9: Subtask runme_2
[2024-11-01 21:20:53,210] {task_command.py:369} INFO - Running <TaskInstance: example_bash_operator.runme_2 manual__2024-11-01T21:20:52.764757+00:00 [running]> on host kobanenko-Standard-PC-i440FX-PIIX-1996
[2024-11-01 21:20:53,273] {taskinstance.py:1571} INFO - Exporting the following env vars:
AIRFLOW_CTX_DAG_OWNER=***
AIRFLOW_CTX_DAG_ID=example_bash_operator
AIRFLOW_CTX_TASK_ID=runme_2
AIRFLOW_CTX_EXECUTION_DATE=2024-11-01T21:20:52.764757+00:00
AIRFLOW_CTX_TRY_NUMBER=1
AIRFLOW_CTX_DAG_RUN_ID=manual__2024-11-01T21:20:52.764757+00:00
[2024-11-01 21:20:53,274] {subprocess.py:62} INFO - Tmp dir root location: 
 /tmp
[2024-11-01 21:20:53,274] {subprocess.py:74} INFO - Running command: ['bash', '-c', 'echo "example_bash_operator__runme_2__20241101" && sleep 1']
[2024-11-01 21:20:53,282] {subprocess.py:85} INFO - Output:
[2024-11-01 21:20:53,284] {subprocess.py:92} INFO - example_bash_operator__runme_2__20241101
[2024-11-01 21:20:54,286] {subprocess.py:96} INFO - Command exited with return code 0
[2024-11-01 21:20:54,309] {taskinstance.py:1400} INFO - Marking task as SUCCESS. dag_id=example_bash_operator, task_id=runme_2, execution_date=20241101T212052, start_date=20241101T212053, end_date=20241101T212054
[2024-11-01 21:20:54,334] {local_task_job.py:156} INFO - Task exited with return code 0
[2024-11-01 21:20:54,368] {local_task_job.py:273} INFO - 0 downstream tasks scheduled from follow-on schedule check
