[2024-11-01 21:20:53,232] {taskinstance.py:1159} INFO - Dependencies all met for <TaskInstance: example_bash_operator.this_will_skip manual__2024-11-01T21:20:52.764757+00:00 [queued]>
[2024-11-01 21:20:53,240] {taskinstance.py:1159} INFO - Dependencies all met for <TaskInstance: example_bash_operator.this_will_skip manual__2024-11-01T21:20:52.764757+00:00 [queued]>
[2024-11-01 21:20:53,240] {taskinstance.py:1356} INFO - 
--------------------------------------------------------------------------------
[2024-11-01 21:20:53,240] {taskinstance.py:1357} INFO - Starting attempt 1 of 1
[2024-11-01 21:20:53,240] {taskinstance.py:1358} INFO - 
--------------------------------------------------------------------------------
[2024-11-01 21:20:53,253] {taskinstance.py:1377} INFO - Executing <Task(BashOperator): this_will_skip> on 2024-11-01 21:20:52.764757+00:00
[2024-11-01 21:20:53,256] {standard_task_runner.py:52} INFO - Started process 86 to run task
[2024-11-01 21:20:53,258] {standard_task_runner.py:79} INFO - Running: ['***', 'tasks', 'run', 'example_bash_operator', 'this_will_skip', 'manual__2024-11-01T21:20:52.764757+00:00', '--job-id', '13', '--raw', '--subdir', '/home/***/.local/lib/python3.7/site-packages/***/example_dags/example_bash_operator.py', '--cfg-path', '/tmp/tmp1kxsb8np', '--error-file', '/tmp/tmprpo6p5yl']
[2024-11-01 21:20:53,258] {standard_task_runner.py:80} INFO - Job 13: Subtask this_will_skip
[2024-11-01 21:20:53,302] {task_command.py:369} INFO - Running <TaskInstance: example_bash_operator.this_will_skip manual__2024-11-01T21:20:52.764757+00:00 [running]> on host kobanenko-Standard-PC-i440FX-PIIX-1996
[2024-11-01 21:20:53,353] {taskinstance.py:1571} INFO - Exporting the following env vars:
AIRFLOW_CTX_DAG_OWNER=***
AIRFLOW_CTX_DAG_ID=example_bash_operator
AIRFLOW_CTX_TASK_ID=this_will_skip
AIRFLOW_CTX_EXECUTION_DATE=2024-11-01T21:20:52.764757+00:00
AIRFLOW_CTX_TRY_NUMBER=1
AIRFLOW_CTX_DAG_RUN_ID=manual__2024-11-01T21:20:52.764757+00:00
[2024-11-01 21:20:53,354] {subprocess.py:62} INFO - Tmp dir root location: 
 /tmp
[2024-11-01 21:20:53,354] {subprocess.py:74} INFO - Running command: ['bash', '-c', 'echo "hello world"; exit 99;']
[2024-11-01 21:20:53,361] {subprocess.py:85} INFO - Output:
[2024-11-01 21:20:53,363] {subprocess.py:92} INFO - hello world
[2024-11-01 21:20:53,363] {subprocess.py:96} INFO - Command exited with return code 99
[2024-11-01 21:20:53,364] {taskinstance.py:1478} INFO - Bash command returned exit code 99. Skipping.
[2024-11-01 21:20:53,376] {taskinstance.py:1400} INFO - Marking task as SKIPPED. dag_id=example_bash_operator, task_id=this_will_skip, execution_date=20241101T212052, start_date=20241101T212053, end_date=20241101T212053
[2024-11-01 21:20:53,390] {local_task_job.py:156} INFO - Task exited with return code 0
[2024-11-01 21:20:53,423] {local_task_job.py:273} INFO - 0 downstream tasks scheduled from follow-on schedule check
