[2024-11-01 21:20:13,988] {taskinstance.py:1159} INFO - Dependencies all met for <TaskInstance: example_bash_operator.this_will_skip scheduled__2024-10-31T00:00:00+00:00 [queued]>
[2024-11-01 21:20:13,993] {taskinstance.py:1159} INFO - Dependencies all met for <TaskInstance: example_bash_operator.this_will_skip scheduled__2024-10-31T00:00:00+00:00 [queued]>
[2024-11-01 21:20:13,993] {taskinstance.py:1356} INFO - 
--------------------------------------------------------------------------------
[2024-11-01 21:20:13,993] {taskinstance.py:1357} INFO - Starting attempt 1 of 1
[2024-11-01 21:20:13,993] {taskinstance.py:1358} INFO - 
--------------------------------------------------------------------------------
[2024-11-01 21:20:14,007] {taskinstance.py:1377} INFO - Executing <Task(BashOperator): this_will_skip> on 2024-10-31 00:00:00+00:00
[2024-11-01 21:20:14,011] {standard_task_runner.py:52} INFO - Started process 65 to run task
[2024-11-01 21:20:14,013] {standard_task_runner.py:79} INFO - Running: ['***', 'tasks', 'run', 'example_bash_operator', 'this_will_skip', 'scheduled__2024-10-31T00:00:00+00:00', '--job-id', '3', '--raw', '--subdir', '/home/***/.local/lib/python3.7/site-packages/***/example_dags/example_bash_operator.py', '--cfg-path', '/tmp/tmpseynpl0i', '--error-file', '/tmp/tmp7v4mcv3d']
[2024-11-01 21:20:14,014] {standard_task_runner.py:80} INFO - Job 3: Subtask this_will_skip
[2024-11-01 21:20:14,063] {task_command.py:369} INFO - Running <TaskInstance: example_bash_operator.this_will_skip scheduled__2024-10-31T00:00:00+00:00 [running]> on host kobanenko-Standard-PC-i440FX-PIIX-1996
[2024-11-01 21:20:14,122] {taskinstance.py:1571} INFO - Exporting the following env vars:
AIRFLOW_CTX_DAG_OWNER=***
AIRFLOW_CTX_DAG_ID=example_bash_operator
AIRFLOW_CTX_TASK_ID=this_will_skip
AIRFLOW_CTX_EXECUTION_DATE=2024-10-31T00:00:00+00:00
AIRFLOW_CTX_TRY_NUMBER=1
AIRFLOW_CTX_DAG_RUN_ID=scheduled__2024-10-31T00:00:00+00:00
[2024-11-01 21:20:14,123] {subprocess.py:62} INFO - Tmp dir root location: 
 /tmp
[2024-11-01 21:20:14,123] {subprocess.py:74} INFO - Running command: ['bash', '-c', 'echo "hello world"; exit 99;']
[2024-11-01 21:20:14,130] {subprocess.py:85} INFO - Output:
[2024-11-01 21:20:14,132] {subprocess.py:92} INFO - hello world
[2024-11-01 21:20:14,132] {subprocess.py:96} INFO - Command exited with return code 99
[2024-11-01 21:20:14,134] {taskinstance.py:1478} INFO - Bash command returned exit code 99. Skipping.
[2024-11-01 21:20:14,150] {taskinstance.py:1400} INFO - Marking task as SKIPPED. dag_id=example_bash_operator, task_id=this_will_skip, execution_date=20241031T000000, start_date=20241101T212013, end_date=20241101T212014
[2024-11-01 21:20:14,185] {local_task_job.py:156} INFO - Task exited with return code 0
[2024-11-01 21:20:14,219] {local_task_job.py:273} INFO - 0 downstream tasks scheduled from follow-on schedule check
