[2024-11-01 21:20:55,380] {taskinstance.py:1159} INFO - Dependencies all met for <TaskInstance: example_bash_operator.run_after_loop manual__2024-11-01T21:20:52.764757+00:00 [queued]>
[2024-11-01 21:20:55,385] {taskinstance.py:1159} INFO - Dependencies all met for <TaskInstance: example_bash_operator.run_after_loop manual__2024-11-01T21:20:52.764757+00:00 [queued]>
[2024-11-01 21:20:55,385] {taskinstance.py:1356} INFO - 
--------------------------------------------------------------------------------
[2024-11-01 21:20:55,385] {taskinstance.py:1357} INFO - Starting attempt 1 of 1
[2024-11-01 21:20:55,385] {taskinstance.py:1358} INFO - 
--------------------------------------------------------------------------------
[2024-11-01 21:20:55,396] {taskinstance.py:1377} INFO - Executing <Task(BashOperator): run_after_loop> on 2024-11-01 21:20:52.764757+00:00
[2024-11-01 21:20:55,399] {standard_task_runner.py:52} INFO - Started process 93 to run task
[2024-11-01 21:20:55,403] {standard_task_runner.py:79} INFO - Running: ['***', 'tasks', 'run', 'example_bash_operator', 'run_after_loop', 'manual__2024-11-01T21:20:52.764757+00:00', '--job-id', '14', '--raw', '--subdir', '/home/***/.local/lib/python3.7/site-packages/***/example_dags/example_bash_operator.py', '--cfg-path', '/tmp/tmpmp5v1747', '--error-file', '/tmp/tmpdlca4t9q']
[2024-11-01 21:20:55,403] {standard_task_runner.py:80} INFO - Job 14: Subtask run_after_loop
[2024-11-01 21:20:55,447] {task_command.py:369} INFO - Running <TaskInstance: example_bash_operator.run_after_loop manual__2024-11-01T21:20:52.764757+00:00 [running]> on host kobanenko-Standard-PC-i440FX-PIIX-1996
[2024-11-01 21:20:55,504] {taskinstance.py:1571} INFO - Exporting the following env vars:
AIRFLOW_CTX_DAG_OWNER=***
AIRFLOW_CTX_DAG_ID=example_bash_operator
AIRFLOW_CTX_TASK_ID=run_after_loop
AIRFLOW_CTX_EXECUTION_DATE=2024-11-01T21:20:52.764757+00:00
AIRFLOW_CTX_TRY_NUMBER=1
AIRFLOW_CTX_DAG_RUN_ID=manual__2024-11-01T21:20:52.764757+00:00
[2024-11-01 21:20:55,505] {subprocess.py:62} INFO - Tmp dir root location: 
 /tmp
[2024-11-01 21:20:55,505] {subprocess.py:74} INFO - Running command: ['bash', '-c', 'echo 1']
[2024-11-01 21:20:55,512] {subprocess.py:85} INFO - Output:
[2024-11-01 21:20:55,513] {subprocess.py:92} INFO - 1
[2024-11-01 21:20:55,514] {subprocess.py:96} INFO - Command exited with return code 0
[2024-11-01 21:20:55,540] {taskinstance.py:1400} INFO - Marking task as SUCCESS. dag_id=example_bash_operator, task_id=run_after_loop, execution_date=20241101T212052, start_date=20241101T212055, end_date=20241101T212055
[2024-11-01 21:20:55,573] {local_task_job.py:156} INFO - Task exited with return code 0
[2024-11-01 21:20:55,598] {local_task_job.py:273} INFO - 0 downstream tasks scheduled from follow-on schedule check
