[2024-11-01 21:20:53,183] {taskinstance.py:1159} INFO - Dependencies all met for <TaskInstance: example_bash_operator.also_run_this manual__2024-11-01T21:20:52.764757+00:00 [queued]>
[2024-11-01 21:20:53,189] {taskinstance.py:1159} INFO - Dependencies all met for <TaskInstance: example_bash_operator.also_run_this manual__2024-11-01T21:20:52.764757+00:00 [queued]>
[2024-11-01 21:20:53,189] {taskinstance.py:1356} INFO - 
--------------------------------------------------------------------------------
[2024-11-01 21:20:53,189] {taskinstance.py:1357} INFO - Starting attempt 1 of 1
[2024-11-01 21:20:53,189] {taskinstance.py:1358} INFO - 
--------------------------------------------------------------------------------
[2024-11-01 21:20:53,199] {taskinstance.py:1377} INFO - Executing <Task(BashOperator): also_run_this> on 2024-11-01 21:20:52.764757+00:00
[2024-11-01 21:20:53,203] {standard_task_runner.py:52} INFO - Started process 84 to run task
[2024-11-01 21:20:53,207] {standard_task_runner.py:79} INFO - Running: ['***', 'tasks', 'run', 'example_bash_operator', 'also_run_this', 'manual__2024-11-01T21:20:52.764757+00:00', '--job-id', '11', '--raw', '--subdir', '/home/***/.local/lib/python3.7/site-packages/***/example_dags/example_bash_operator.py', '--cfg-path', '/tmp/tmppt51idou', '--error-file', '/tmp/tmp99qs2vnp']
[2024-11-01 21:20:53,207] {standard_task_runner.py:80} INFO - Job 11: Subtask also_run_this
[2024-11-01 21:20:53,263] {task_command.py:369} INFO - Running <TaskInstance: example_bash_operator.also_run_this manual__2024-11-01T21:20:52.764757+00:00 [running]> on host kobanenko-Standard-PC-i440FX-PIIX-1996
[2024-11-01 21:20:53,335] {taskinstance.py:1571} INFO - Exporting the following env vars:
AIRFLOW_CTX_DAG_OWNER=***
AIRFLOW_CTX_DAG_ID=example_bash_operator
AIRFLOW_CTX_TASK_ID=also_run_this
AIRFLOW_CTX_EXECUTION_DATE=2024-11-01T21:20:52.764757+00:00
AIRFLOW_CTX_TRY_NUMBER=1
AIRFLOW_CTX_DAG_RUN_ID=manual__2024-11-01T21:20:52.764757+00:00
[2024-11-01 21:20:53,335] {subprocess.py:62} INFO - Tmp dir root location: 
 /tmp
[2024-11-01 21:20:53,336] {subprocess.py:74} INFO - Running command: ['bash', '-c', 'echo "run_id=manual__2024-11-01T21:20:52.764757+00:00 | dag_run=<DagRun example_bash_operator @ 2024-11-01 21:20:52.764757+00:00: manual__2024-11-01T21:20:52.764757+00:00, externally triggered: True>"']
[2024-11-01 21:20:53,345] {subprocess.py:85} INFO - Output:
[2024-11-01 21:20:53,346] {subprocess.py:92} INFO - run_id=manual__2024-11-01T21:20:52.764757+00:00 | dag_run=<DagRun example_bash_operator @ 2024-11-01 21:20:52.764757+00:00: manual__2024-11-01T21:20:52.764757+00:00, externally triggered: True>
[2024-11-01 21:20:53,346] {subprocess.py:96} INFO - Command exited with return code 0
[2024-11-01 21:20:53,368] {taskinstance.py:1400} INFO - Marking task as SUCCESS. dag_id=example_bash_operator, task_id=also_run_this, execution_date=20241101T212052, start_date=20241101T212053, end_date=20241101T212053
[2024-11-01 21:20:53,417] {local_task_job.py:156} INFO - Task exited with return code 0
[2024-11-01 21:20:53,440] {local_task_job.py:273} INFO - 0 downstream tasks scheduled from follow-on schedule check
