[2024-11-01 21:20:14,014] {taskinstance.py:1159} INFO - Dependencies all met for <TaskInstance: example_bash_operator.runme_0 scheduled__2024-10-31T00:00:00+00:00 [queued]>
[2024-11-01 21:20:14,021] {taskinstance.py:1159} INFO - Dependencies all met for <TaskInstance: example_bash_operator.runme_0 scheduled__2024-10-31T00:00:00+00:00 [queued]>
[2024-11-01 21:20:14,021] {taskinstance.py:1356} INFO - 
--------------------------------------------------------------------------------
[2024-11-01 21:20:14,021] {taskinstance.py:1357} INFO - Starting attempt 1 of 1
[2024-11-01 21:20:14,021] {taskinstance.py:1358} INFO - 
--------------------------------------------------------------------------------
[2024-11-01 21:20:14,032] {taskinstance.py:1377} INFO - Executing <Task(BashOperator): runme_0> on 2024-10-31 00:00:00+00:00
[2024-11-01 21:20:14,035] {standard_task_runner.py:52} INFO - Started process 66 to run task
[2024-11-01 21:20:14,037] {standard_task_runner.py:79} INFO - Running: ['***', 'tasks', 'run', 'example_bash_operator', 'runme_0', 'scheduled__2024-10-31T00:00:00+00:00', '--job-id', '4', '--raw', '--subdir', '/home/***/.local/lib/python3.7/site-packages/***/example_dags/example_bash_operator.py', '--cfg-path', '/tmp/tmpqksu_jrk', '--error-file', '/tmp/tmpa_p9m9e3']
[2024-11-01 21:20:14,037] {standard_task_runner.py:80} INFO - Job 4: Subtask runme_0
[2024-11-01 21:20:14,086] {task_command.py:369} INFO - Running <TaskInstance: example_bash_operator.runme_0 scheduled__2024-10-31T00:00:00+00:00 [running]> on host kobanenko-Standard-PC-i440FX-PIIX-1996
[2024-11-01 21:20:14,158] {taskinstance.py:1571} INFO - Exporting the following env vars:
AIRFLOW_CTX_DAG_OWNER=***
AIRFLOW_CTX_DAG_ID=example_bash_operator
AIRFLOW_CTX_TASK_ID=runme_0
AIRFLOW_CTX_EXECUTION_DATE=2024-10-31T00:00:00+00:00
AIRFLOW_CTX_TRY_NUMBER=1
AIRFLOW_CTX_DAG_RUN_ID=scheduled__2024-10-31T00:00:00+00:00
[2024-11-01 21:20:14,159] {subprocess.py:62} INFO - Tmp dir root location: 
 /tmp
[2024-11-01 21:20:14,160] {subprocess.py:74} INFO - Running command: ['bash', '-c', 'echo "example_bash_operator__runme_0__20241031" && sleep 1']
[2024-11-01 21:20:14,166] {subprocess.py:85} INFO - Output:
[2024-11-01 21:20:14,168] {subprocess.py:92} INFO - example_bash_operator__runme_0__20241031
[2024-11-01 21:20:15,169] {subprocess.py:96} INFO - Command exited with return code 0
[2024-11-01 21:20:15,193] {taskinstance.py:1400} INFO - Marking task as SUCCESS. dag_id=example_bash_operator, task_id=runme_0, execution_date=20241031T000000, start_date=20241101T212014, end_date=20241101T212015
[2024-11-01 21:20:15,213] {local_task_job.py:156} INFO - Task exited with return code 0
[2024-11-01 21:20:15,235] {local_task_job.py:273} INFO - 1 downstream tasks scheduled from follow-on schedule check
