[2024-11-01 21:20:53,204] {taskinstance.py:1159} INFO - Dependencies all met for <TaskInstance: example_bash_operator.runme_1 manual__2024-11-01T21:20:52.764757+00:00 [queued]>
[2024-11-01 21:20:53,210] {taskinstance.py:1159} INFO - Dependencies all met for <TaskInstance: example_bash_operator.runme_1 manual__2024-11-01T21:20:52.764757+00:00 [queued]>
[2024-11-01 21:20:53,210] {taskinstance.py:1356} INFO - 
--------------------------------------------------------------------------------
[2024-11-01 21:20:53,210] {taskinstance.py:1357} INFO - Starting attempt 1 of 1
[2024-11-01 21:20:53,210] {taskinstance.py:1358} INFO - 
--------------------------------------------------------------------------------
[2024-11-01 21:20:53,221] {taskinstance.py:1377} INFO - Executing <Task(BashOperator): runme_1> on 2024-11-01 21:20:52.764757+00:00
[2024-11-01 21:20:53,224] {standard_task_runner.py:52} INFO - Started process 85 to run task
[2024-11-01 21:20:53,228] {standard_task_runner.py:79} INFO - Running: ['***', 'tasks', 'run', 'example_bash_operator', 'runme_1', 'manual__2024-11-01T21:20:52.764757+00:00', '--job-id', '12', '--raw', '--subdir', '/home/***/.local/lib/python3.7/site-packages/***/example_dags/example_bash_operator.py', '--cfg-path', '/tmp/tmp0hvhw0vs', '--error-file', '/tmp/tmpo3wz3d54']
[2024-11-01 21:20:53,228] {standard_task_runner.py:80} INFO - Job 12: Subtask runme_1
[2024-11-01 21:20:53,277] {task_command.py:369} INFO - Running <TaskInstance: example_bash_operator.runme_1 manual__2024-11-01T21:20:52.764757+00:00 [running]> on host kobanenko-Standard-PC-i440FX-PIIX-1996
[2024-11-01 21:20:53,332] {taskinstance.py:1571} INFO - Exporting the following env vars:
AIRFLOW_CTX_DAG_OWNER=***
AIRFLOW_CTX_DAG_ID=example_bash_operator
AIRFLOW_CTX_TASK_ID=runme_1
AIRFLOW_CTX_EXECUTION_DATE=2024-11-01T21:20:52.764757+00:00
AIRFLOW_CTX_TRY_NUMBER=1
AIRFLOW_CTX_DAG_RUN_ID=manual__2024-11-01T21:20:52.764757+00:00
[2024-11-01 21:20:53,333] {subprocess.py:62} INFO - Tmp dir root location: 
 /tmp
[2024-11-01 21:20:53,333] {subprocess.py:74} INFO - Running command: ['bash', '-c', 'echo "example_bash_operator__runme_1__20241101" && sleep 1']
[2024-11-01 21:20:53,340] {subprocess.py:85} INFO - Output:
[2024-11-01 21:20:53,342] {subprocess.py:92} INFO - example_bash_operator__runme_1__20241101
[2024-11-01 21:20:54,345] {subprocess.py:96} INFO - Command exited with return code 0
[2024-11-01 21:20:54,390] {taskinstance.py:1400} INFO - Marking task as SUCCESS. dag_id=example_bash_operator, task_id=runme_1, execution_date=20241101T212052, start_date=20241101T212053, end_date=20241101T212054
[2024-11-01 21:20:54,442] {local_task_job.py:156} INFO - Task exited with return code 0
[2024-11-01 21:20:54,472] {local_task_job.py:273} INFO - 1 downstream tasks scheduled from follow-on schedule check
