[2024-11-01 21:18:49,244] {processor.py:153} INFO - Started process (PID=71) to work on /home/airflow/.local/lib/python3.7/site-packages/airflow/example_dags/example_sla_dag.py
[2024-11-01 21:18:49,244] {processor.py:641} INFO - Processing file /home/airflow/.local/lib/python3.7/site-packages/airflow/example_dags/example_sla_dag.py for tasks to queue
[2024-11-01 21:18:49,244] {logging_mixin.py:115} INFO - [2024-11-01 21:18:49,244] {dagbag.py:507} INFO - Filling up the DagBag from /home/airflow/.local/lib/python3.7/site-packages/airflow/example_dags/example_sla_dag.py
[2024-11-01 21:18:49,256] {processor.py:651} INFO - DAG(s) dict_keys(['example_sla_dag']) retrieved from /home/airflow/.local/lib/python3.7/site-packages/airflow/example_dags/example_sla_dag.py
[2024-11-01 21:18:49,406] {logging_mixin.py:115} INFO - [2024-11-01 21:18:49,405] {manager.py:508} INFO - Created Permission View: can delete on DAG:example_sla_dag
[2024-11-01 21:18:49,414] {logging_mixin.py:115} INFO - [2024-11-01 21:18:49,414] {manager.py:508} INFO - Created Permission View: can read on DAG:example_sla_dag
[2024-11-01 21:18:49,420] {logging_mixin.py:115} INFO - [2024-11-01 21:18:49,420] {manager.py:508} INFO - Created Permission View: can edit on DAG:example_sla_dag
[2024-11-01 21:18:49,420] {logging_mixin.py:115} INFO - [2024-11-01 21:18:49,420] {dag.py:2371} INFO - Sync 1 DAGs
[2024-11-01 21:18:49,425] {logging_mixin.py:115} INFO - [2024-11-01 21:18:49,425] {dag.py:2390} INFO - Creating ORM DAG for example_sla_dag
[2024-11-01 21:18:49,434] {logging_mixin.py:115} INFO - [2024-11-01 21:18:49,434] {dag.py:2919} INFO - Setting next_dagrun for example_sla_dag to 2024-11-01T21:16:00+00:00, run_after=2024-11-01T21:18:00+00:00
[2024-11-01 21:18:49,443] {processor.py:161} INFO - Processing /home/airflow/.local/lib/python3.7/site-packages/airflow/example_dags/example_sla_dag.py took 0.203 seconds
[2024-11-01 21:19:20,123] {processor.py:153} INFO - Started process (PID=105) to work on /home/airflow/.local/lib/python3.7/site-packages/airflow/example_dags/example_sla_dag.py
[2024-11-01 21:19:20,124] {processor.py:641} INFO - Processing file /home/airflow/.local/lib/python3.7/site-packages/airflow/example_dags/example_sla_dag.py for tasks to queue
[2024-11-01 21:19:20,124] {logging_mixin.py:115} INFO - [2024-11-01 21:19:20,124] {dagbag.py:507} INFO - Filling up the DagBag from /home/airflow/.local/lib/python3.7/site-packages/airflow/example_dags/example_sla_dag.py
[2024-11-01 21:19:20,140] {processor.py:651} INFO - DAG(s) dict_keys(['example_sla_dag']) retrieved from /home/airflow/.local/lib/python3.7/site-packages/airflow/example_dags/example_sla_dag.py
[2024-11-01 21:19:20,155] {logging_mixin.py:115} INFO - [2024-11-01 21:19:20,155] {dag.py:2371} INFO - Sync 1 DAGs
[2024-11-01 21:19:20,259] {logging_mixin.py:115} INFO - [2024-11-01 21:19:20,259] {dag.py:2919} INFO - Setting next_dagrun for example_sla_dag to 2024-11-01T21:16:00+00:00, run_after=2024-11-01T21:18:00+00:00
[2024-11-01 21:19:20,267] {processor.py:161} INFO - Processing /home/airflow/.local/lib/python3.7/site-packages/airflow/example_dags/example_sla_dag.py took 0.147 seconds
[2024-11-01 21:19:50,786] {processor.py:153} INFO - Started process (PID=139) to work on /home/airflow/.local/lib/python3.7/site-packages/airflow/example_dags/example_sla_dag.py
[2024-11-01 21:19:50,787] {processor.py:641} INFO - Processing file /home/airflow/.local/lib/python3.7/site-packages/airflow/example_dags/example_sla_dag.py for tasks to queue
[2024-11-01 21:19:50,787] {logging_mixin.py:115} INFO - [2024-11-01 21:19:50,787] {dagbag.py:507} INFO - Filling up the DagBag from /home/airflow/.local/lib/python3.7/site-packages/airflow/example_dags/example_sla_dag.py
[2024-11-01 21:19:50,797] {processor.py:651} INFO - DAG(s) dict_keys(['example_sla_dag']) retrieved from /home/airflow/.local/lib/python3.7/site-packages/airflow/example_dags/example_sla_dag.py
[2024-11-01 21:19:50,814] {logging_mixin.py:115} INFO - [2024-11-01 21:19:50,814] {dag.py:2371} INFO - Sync 1 DAGs
[2024-11-01 21:19:50,900] {logging_mixin.py:115} INFO - [2024-11-01 21:19:50,900] {dag.py:2919} INFO - Setting next_dagrun for example_sla_dag to 2024-11-01T21:16:00+00:00, run_after=2024-11-01T21:18:00+00:00
[2024-11-01 21:19:50,908] {processor.py:161} INFO - Processing /home/airflow/.local/lib/python3.7/site-packages/airflow/example_dags/example_sla_dag.py took 0.123 seconds
[2024-11-01 21:20:21,455] {processor.py:153} INFO - Started process (PID=180) to work on /home/airflow/.local/lib/python3.7/site-packages/airflow/example_dags/example_sla_dag.py
[2024-11-01 21:20:21,455] {processor.py:641} INFO - Processing file /home/airflow/.local/lib/python3.7/site-packages/airflow/example_dags/example_sla_dag.py for tasks to queue
[2024-11-01 21:20:21,456] {logging_mixin.py:115} INFO - [2024-11-01 21:20:21,456] {dagbag.py:507} INFO - Filling up the DagBag from /home/airflow/.local/lib/python3.7/site-packages/airflow/example_dags/example_sla_dag.py
[2024-11-01 21:20:21,469] {processor.py:651} INFO - DAG(s) dict_keys(['example_sla_dag']) retrieved from /home/airflow/.local/lib/python3.7/site-packages/airflow/example_dags/example_sla_dag.py
[2024-11-01 21:20:21,498] {logging_mixin.py:115} INFO - [2024-11-01 21:20:21,498] {dag.py:2371} INFO - Sync 1 DAGs
[2024-11-01 21:20:21,586] {logging_mixin.py:115} INFO - [2024-11-01 21:20:21,586] {dag.py:2919} INFO - Setting next_dagrun for example_sla_dag to 2024-11-01T21:18:00+00:00, run_after=2024-11-01T21:20:00+00:00
[2024-11-01 21:20:21,593] {processor.py:161} INFO - Processing /home/airflow/.local/lib/python3.7/site-packages/airflow/example_dags/example_sla_dag.py took 0.140 seconds
[2024-11-01 21:20:52,153] {processor.py:153} INFO - Started process (PID=214) to work on /home/airflow/.local/lib/python3.7/site-packages/airflow/example_dags/example_sla_dag.py
[2024-11-01 21:20:52,154] {processor.py:641} INFO - Processing file /home/airflow/.local/lib/python3.7/site-packages/airflow/example_dags/example_sla_dag.py for tasks to queue
[2024-11-01 21:20:52,154] {logging_mixin.py:115} INFO - [2024-11-01 21:20:52,154] {dagbag.py:507} INFO - Filling up the DagBag from /home/airflow/.local/lib/python3.7/site-packages/airflow/example_dags/example_sla_dag.py
[2024-11-01 21:20:52,164] {processor.py:651} INFO - DAG(s) dict_keys(['example_sla_dag']) retrieved from /home/airflow/.local/lib/python3.7/site-packages/airflow/example_dags/example_sla_dag.py
[2024-11-01 21:20:52,182] {logging_mixin.py:115} INFO - [2024-11-01 21:20:52,182] {dag.py:2371} INFO - Sync 1 DAGs
[2024-11-01 21:20:52,275] {logging_mixin.py:115} INFO - [2024-11-01 21:20:52,275] {dag.py:2919} INFO - Setting next_dagrun for example_sla_dag to 2024-11-01T21:18:00+00:00, run_after=2024-11-01T21:20:00+00:00
[2024-11-01 21:20:52,282] {processor.py:161} INFO - Processing /home/airflow/.local/lib/python3.7/site-packages/airflow/example_dags/example_sla_dag.py took 0.131 seconds
[2024-11-01 21:21:22,942] {processor.py:153} INFO - Started process (PID=255) to work on /home/airflow/.local/lib/python3.7/site-packages/airflow/example_dags/example_sla_dag.py
[2024-11-01 21:21:22,943] {processor.py:641} INFO - Processing file /home/airflow/.local/lib/python3.7/site-packages/airflow/example_dags/example_sla_dag.py for tasks to queue
[2024-11-01 21:21:22,943] {logging_mixin.py:115} INFO - [2024-11-01 21:21:22,943] {dagbag.py:507} INFO - Filling up the DagBag from /home/airflow/.local/lib/python3.7/site-packages/airflow/example_dags/example_sla_dag.py
[2024-11-01 21:21:22,956] {processor.py:651} INFO - DAG(s) dict_keys(['example_sla_dag']) retrieved from /home/airflow/.local/lib/python3.7/site-packages/airflow/example_dags/example_sla_dag.py
[2024-11-01 21:21:22,971] {logging_mixin.py:115} INFO - [2024-11-01 21:21:22,971] {dag.py:2371} INFO - Sync 1 DAGs
[2024-11-01 21:21:23,058] {logging_mixin.py:115} INFO - [2024-11-01 21:21:23,057] {dag.py:2919} INFO - Setting next_dagrun for example_sla_dag to 2024-11-01T21:18:00+00:00, run_after=2024-11-01T21:20:00+00:00
[2024-11-01 21:21:23,068] {processor.py:161} INFO - Processing /home/airflow/.local/lib/python3.7/site-packages/airflow/example_dags/example_sla_dag.py took 0.129 seconds
[2024-11-01 21:21:53,774] {processor.py:153} INFO - Started process (PID=289) to work on /home/airflow/.local/lib/python3.7/site-packages/airflow/example_dags/example_sla_dag.py
[2024-11-01 21:21:53,774] {processor.py:641} INFO - Processing file /home/airflow/.local/lib/python3.7/site-packages/airflow/example_dags/example_sla_dag.py for tasks to queue
[2024-11-01 21:21:53,774] {logging_mixin.py:115} INFO - [2024-11-01 21:21:53,774] {dagbag.py:507} INFO - Filling up the DagBag from /home/airflow/.local/lib/python3.7/site-packages/airflow/example_dags/example_sla_dag.py
[2024-11-01 21:21:53,784] {processor.py:651} INFO - DAG(s) dict_keys(['example_sla_dag']) retrieved from /home/airflow/.local/lib/python3.7/site-packages/airflow/example_dags/example_sla_dag.py
[2024-11-01 21:21:53,798] {logging_mixin.py:115} INFO - [2024-11-01 21:21:53,798] {dag.py:2371} INFO - Sync 1 DAGs
[2024-11-01 21:21:53,889] {logging_mixin.py:115} INFO - [2024-11-01 21:21:53,889] {dag.py:2919} INFO - Setting next_dagrun for example_sla_dag to 2024-11-01T21:18:00+00:00, run_after=2024-11-01T21:20:00+00:00
[2024-11-01 21:21:53,897] {processor.py:161} INFO - Processing /home/airflow/.local/lib/python3.7/site-packages/airflow/example_dags/example_sla_dag.py took 0.125 seconds
