[2024-11-01 21:18:48,415] {processor.py:153} INFO - Started process (PID=64) to work on /home/airflow/.local/lib/python3.7/site-packages/airflow/example_dags/example_trigger_controller_dag.py
[2024-11-01 21:18:48,415] {processor.py:641} INFO - Processing file /home/airflow/.local/lib/python3.7/site-packages/airflow/example_dags/example_trigger_controller_dag.py for tasks to queue
[2024-11-01 21:18:48,416] {logging_mixin.py:115} INFO - [2024-11-01 21:18:48,416] {dagbag.py:507} INFO - Filling up the DagBag from /home/airflow/.local/lib/python3.7/site-packages/airflow/example_dags/example_trigger_controller_dag.py
[2024-11-01 21:18:48,418] {processor.py:651} INFO - DAG(s) dict_keys(['example_trigger_controller_dag']) retrieved from /home/airflow/.local/lib/python3.7/site-packages/airflow/example_dags/example_trigger_controller_dag.py
[2024-11-01 21:18:48,567] {logging_mixin.py:115} INFO - [2024-11-01 21:18:48,566] {manager.py:508} INFO - Created Permission View: can delete on DAG:example_trigger_controller_dag
[2024-11-01 21:18:48,578] {logging_mixin.py:115} INFO - [2024-11-01 21:18:48,578] {manager.py:508} INFO - Created Permission View: can read on DAG:example_trigger_controller_dag
[2024-11-01 21:18:48,585] {logging_mixin.py:115} INFO - [2024-11-01 21:18:48,585] {manager.py:508} INFO - Created Permission View: can edit on DAG:example_trigger_controller_dag
[2024-11-01 21:18:48,586] {logging_mixin.py:115} INFO - [2024-11-01 21:18:48,586] {dag.py:2371} INFO - Sync 1 DAGs
[2024-11-01 21:18:48,593] {logging_mixin.py:115} INFO - [2024-11-01 21:18:48,593] {dag.py:2390} INFO - Creating ORM DAG for example_trigger_controller_dag
[2024-11-01 21:18:48,602] {logging_mixin.py:115} INFO - [2024-11-01 21:18:48,602] {dag.py:2919} INFO - Setting next_dagrun for example_trigger_controller_dag to 2021-01-01T00:00:00+00:00, run_after=2021-01-01T00:00:00+00:00
[2024-11-01 21:18:48,613] {processor.py:161} INFO - Processing /home/airflow/.local/lib/python3.7/site-packages/airflow/example_dags/example_trigger_controller_dag.py took 0.200 seconds
[2024-11-01 21:19:18,792] {processor.py:153} INFO - Started process (PID=98) to work on /home/airflow/.local/lib/python3.7/site-packages/airflow/example_dags/example_trigger_controller_dag.py
[2024-11-01 21:19:18,792] {processor.py:641} INFO - Processing file /home/airflow/.local/lib/python3.7/site-packages/airflow/example_dags/example_trigger_controller_dag.py for tasks to queue
[2024-11-01 21:19:18,793] {logging_mixin.py:115} INFO - [2024-11-01 21:19:18,793] {dagbag.py:507} INFO - Filling up the DagBag from /home/airflow/.local/lib/python3.7/site-packages/airflow/example_dags/example_trigger_controller_dag.py
[2024-11-01 21:19:18,794] {processor.py:651} INFO - DAG(s) dict_keys(['example_trigger_controller_dag']) retrieved from /home/airflow/.local/lib/python3.7/site-packages/airflow/example_dags/example_trigger_controller_dag.py
[2024-11-01 21:19:18,813] {logging_mixin.py:115} INFO - [2024-11-01 21:19:18,813] {dag.py:2371} INFO - Sync 1 DAGs
[2024-11-01 21:19:18,828] {logging_mixin.py:115} INFO - [2024-11-01 21:19:18,828] {dag.py:2919} INFO - Setting next_dagrun for example_trigger_controller_dag to 2021-01-01T00:00:00+00:00, run_after=2021-01-01T00:00:00+00:00
[2024-11-01 21:19:18,836] {processor.py:161} INFO - Processing /home/airflow/.local/lib/python3.7/site-packages/airflow/example_dags/example_trigger_controller_dag.py took 0.046 seconds
[2024-11-01 21:19:49,425] {processor.py:153} INFO - Started process (PID=132) to work on /home/airflow/.local/lib/python3.7/site-packages/airflow/example_dags/example_trigger_controller_dag.py
[2024-11-01 21:19:49,426] {processor.py:641} INFO - Processing file /home/airflow/.local/lib/python3.7/site-packages/airflow/example_dags/example_trigger_controller_dag.py for tasks to queue
[2024-11-01 21:19:49,426] {logging_mixin.py:115} INFO - [2024-11-01 21:19:49,426] {dagbag.py:507} INFO - Filling up the DagBag from /home/airflow/.local/lib/python3.7/site-packages/airflow/example_dags/example_trigger_controller_dag.py
[2024-11-01 21:19:49,428] {processor.py:651} INFO - DAG(s) dict_keys(['example_trigger_controller_dag']) retrieved from /home/airflow/.local/lib/python3.7/site-packages/airflow/example_dags/example_trigger_controller_dag.py
[2024-11-01 21:19:49,445] {logging_mixin.py:115} INFO - [2024-11-01 21:19:49,445] {dag.py:2371} INFO - Sync 1 DAGs
[2024-11-01 21:19:49,460] {logging_mixin.py:115} INFO - [2024-11-01 21:19:49,460] {dag.py:2919} INFO - Setting next_dagrun for example_trigger_controller_dag to 2021-01-01T00:00:00+00:00, run_after=2021-01-01T00:00:00+00:00
[2024-11-01 21:19:49,469] {processor.py:161} INFO - Processing /home/airflow/.local/lib/python3.7/site-packages/airflow/example_dags/example_trigger_controller_dag.py took 0.046 seconds
[2024-11-01 21:20:20,107] {processor.py:153} INFO - Started process (PID=173) to work on /home/airflow/.local/lib/python3.7/site-packages/airflow/example_dags/example_trigger_controller_dag.py
[2024-11-01 21:20:20,108] {processor.py:641} INFO - Processing file /home/airflow/.local/lib/python3.7/site-packages/airflow/example_dags/example_trigger_controller_dag.py for tasks to queue
[2024-11-01 21:20:20,108] {logging_mixin.py:115} INFO - [2024-11-01 21:20:20,108] {dagbag.py:507} INFO - Filling up the DagBag from /home/airflow/.local/lib/python3.7/site-packages/airflow/example_dags/example_trigger_controller_dag.py
[2024-11-01 21:20:20,110] {processor.py:651} INFO - DAG(s) dict_keys(['example_trigger_controller_dag']) retrieved from /home/airflow/.local/lib/python3.7/site-packages/airflow/example_dags/example_trigger_controller_dag.py
[2024-11-01 21:20:20,126] {logging_mixin.py:115} INFO - [2024-11-01 21:20:20,125] {dag.py:2371} INFO - Sync 1 DAGs
[2024-11-01 21:20:20,141] {logging_mixin.py:115} INFO - [2024-11-01 21:20:20,141] {dag.py:2919} INFO - Setting next_dagrun for example_trigger_controller_dag to 2021-01-01T00:00:00+00:00, run_after=2021-01-01T00:00:00+00:00
[2024-11-01 21:20:20,150] {processor.py:161} INFO - Processing /home/airflow/.local/lib/python3.7/site-packages/airflow/example_dags/example_trigger_controller_dag.py took 0.046 seconds
[2024-11-01 21:20:50,780] {processor.py:153} INFO - Started process (PID=207) to work on /home/airflow/.local/lib/python3.7/site-packages/airflow/example_dags/example_trigger_controller_dag.py
[2024-11-01 21:20:50,780] {processor.py:641} INFO - Processing file /home/airflow/.local/lib/python3.7/site-packages/airflow/example_dags/example_trigger_controller_dag.py for tasks to queue
[2024-11-01 21:20:50,780] {logging_mixin.py:115} INFO - [2024-11-01 21:20:50,780] {dagbag.py:507} INFO - Filling up the DagBag from /home/airflow/.local/lib/python3.7/site-packages/airflow/example_dags/example_trigger_controller_dag.py
[2024-11-01 21:20:50,782] {processor.py:651} INFO - DAG(s) dict_keys(['example_trigger_controller_dag']) retrieved from /home/airflow/.local/lib/python3.7/site-packages/airflow/example_dags/example_trigger_controller_dag.py
[2024-11-01 21:20:50,800] {logging_mixin.py:115} INFO - [2024-11-01 21:20:50,800] {dag.py:2371} INFO - Sync 1 DAGs
[2024-11-01 21:20:50,816] {logging_mixin.py:115} INFO - [2024-11-01 21:20:50,816] {dag.py:2919} INFO - Setting next_dagrun for example_trigger_controller_dag to 2021-01-01T00:00:00+00:00, run_after=2021-01-01T00:00:00+00:00
[2024-11-01 21:20:50,824] {processor.py:161} INFO - Processing /home/airflow/.local/lib/python3.7/site-packages/airflow/example_dags/example_trigger_controller_dag.py took 0.046 seconds
[2024-11-01 21:21:21,577] {processor.py:153} INFO - Started process (PID=248) to work on /home/airflow/.local/lib/python3.7/site-packages/airflow/example_dags/example_trigger_controller_dag.py
[2024-11-01 21:21:21,577] {processor.py:641} INFO - Processing file /home/airflow/.local/lib/python3.7/site-packages/airflow/example_dags/example_trigger_controller_dag.py for tasks to queue
[2024-11-01 21:21:21,578] {logging_mixin.py:115} INFO - [2024-11-01 21:21:21,578] {dagbag.py:507} INFO - Filling up the DagBag from /home/airflow/.local/lib/python3.7/site-packages/airflow/example_dags/example_trigger_controller_dag.py
[2024-11-01 21:21:21,580] {processor.py:651} INFO - DAG(s) dict_keys(['example_trigger_controller_dag']) retrieved from /home/airflow/.local/lib/python3.7/site-packages/airflow/example_dags/example_trigger_controller_dag.py
[2024-11-01 21:21:21,595] {logging_mixin.py:115} INFO - [2024-11-01 21:21:21,595] {dag.py:2371} INFO - Sync 1 DAGs
[2024-11-01 21:21:21,610] {logging_mixin.py:115} INFO - [2024-11-01 21:21:21,610] {dag.py:2919} INFO - Setting next_dagrun for example_trigger_controller_dag to 2021-01-01T00:00:00+00:00, run_after=2021-01-01T00:00:00+00:00
[2024-11-01 21:21:21,620] {processor.py:161} INFO - Processing /home/airflow/.local/lib/python3.7/site-packages/airflow/example_dags/example_trigger_controller_dag.py took 0.046 seconds
[2024-11-01 21:21:52,313] {processor.py:153} INFO - Started process (PID=282) to work on /home/airflow/.local/lib/python3.7/site-packages/airflow/example_dags/example_trigger_controller_dag.py
[2024-11-01 21:21:52,314] {processor.py:641} INFO - Processing file /home/airflow/.local/lib/python3.7/site-packages/airflow/example_dags/example_trigger_controller_dag.py for tasks to queue
[2024-11-01 21:21:52,314] {logging_mixin.py:115} INFO - [2024-11-01 21:21:52,314] {dagbag.py:507} INFO - Filling up the DagBag from /home/airflow/.local/lib/python3.7/site-packages/airflow/example_dags/example_trigger_controller_dag.py
[2024-11-01 21:21:52,317] {processor.py:651} INFO - DAG(s) dict_keys(['example_trigger_controller_dag']) retrieved from /home/airflow/.local/lib/python3.7/site-packages/airflow/example_dags/example_trigger_controller_dag.py
[2024-11-01 21:21:52,335] {logging_mixin.py:115} INFO - [2024-11-01 21:21:52,335] {dag.py:2371} INFO - Sync 1 DAGs
[2024-11-01 21:21:52,353] {logging_mixin.py:115} INFO - [2024-11-01 21:21:52,353] {dag.py:2919} INFO - Setting next_dagrun for example_trigger_controller_dag to 2021-01-01T00:00:00+00:00, run_after=2021-01-01T00:00:00+00:00
[2024-11-01 21:21:52,362] {processor.py:161} INFO - Processing /home/airflow/.local/lib/python3.7/site-packages/airflow/example_dags/example_trigger_controller_dag.py took 0.051 seconds
