[2024-11-01 21:18:46,238] {processor.py:153} INFO - Started process (PID=44) to work on /home/airflow/.local/lib/python3.7/site-packages/airflow/example_dags/example_short_circuit_operator.py
[2024-11-01 21:18:46,239] {processor.py:641} INFO - Processing file /home/airflow/.local/lib/python3.7/site-packages/airflow/example_dags/example_short_circuit_operator.py for tasks to queue
[2024-11-01 21:18:46,240] {logging_mixin.py:115} INFO - [2024-11-01 21:18:46,240] {dagbag.py:507} INFO - Filling up the DagBag from /home/airflow/.local/lib/python3.7/site-packages/airflow/example_dags/example_short_circuit_operator.py
[2024-11-01 21:18:46,251] {processor.py:651} INFO - DAG(s) dict_keys(['example_short_circuit_operator']) retrieved from /home/airflow/.local/lib/python3.7/site-packages/airflow/example_dags/example_short_circuit_operator.py
[2024-11-01 21:18:46,395] {logging_mixin.py:115} INFO - [2024-11-01 21:18:46,395] {manager.py:508} INFO - Created Permission View: can delete on DAG:example_short_circuit_operator
[2024-11-01 21:18:46,401] {logging_mixin.py:115} INFO - [2024-11-01 21:18:46,401] {manager.py:508} INFO - Created Permission View: can read on DAG:example_short_circuit_operator
[2024-11-01 21:18:46,407] {logging_mixin.py:115} INFO - [2024-11-01 21:18:46,406] {manager.py:508} INFO - Created Permission View: can edit on DAG:example_short_circuit_operator
[2024-11-01 21:18:46,407] {logging_mixin.py:115} INFO - [2024-11-01 21:18:46,407] {dag.py:2371} INFO - Sync 1 DAGs
[2024-11-01 21:18:46,413] {logging_mixin.py:115} INFO - [2024-11-01 21:18:46,413] {dag.py:2390} INFO - Creating ORM DAG for example_short_circuit_operator
[2024-11-01 21:18:46,421] {logging_mixin.py:115} INFO - [2024-11-01 21:18:46,421] {dag.py:2919} INFO - Setting next_dagrun for example_short_circuit_operator to 2024-10-31T21:18:46.421232+00:00, run_after=2024-11-01T21:18:46.421232+00:00
[2024-11-01 21:18:46,435] {processor.py:161} INFO - Processing /home/airflow/.local/lib/python3.7/site-packages/airflow/example_dags/example_short_circuit_operator.py took 0.199 seconds
[2024-11-01 21:19:16,677] {processor.py:153} INFO - Started process (PID=78) to work on /home/airflow/.local/lib/python3.7/site-packages/airflow/example_dags/example_short_circuit_operator.py
[2024-11-01 21:19:16,678] {processor.py:641} INFO - Processing file /home/airflow/.local/lib/python3.7/site-packages/airflow/example_dags/example_short_circuit_operator.py for tasks to queue
[2024-11-01 21:19:16,678] {logging_mixin.py:115} INFO - [2024-11-01 21:19:16,678] {dagbag.py:507} INFO - Filling up the DagBag from /home/airflow/.local/lib/python3.7/site-packages/airflow/example_dags/example_short_circuit_operator.py
[2024-11-01 21:19:16,683] {processor.py:651} INFO - DAG(s) dict_keys(['example_short_circuit_operator']) retrieved from /home/airflow/.local/lib/python3.7/site-packages/airflow/example_dags/example_short_circuit_operator.py
[2024-11-01 21:19:16,699] {logging_mixin.py:115} INFO - [2024-11-01 21:19:16,699] {dag.py:2371} INFO - Sync 1 DAGs
[2024-11-01 21:19:16,713] {logging_mixin.py:115} INFO - [2024-11-01 21:19:16,713] {dag.py:2919} INFO - Setting next_dagrun for example_short_circuit_operator to 2024-10-31T21:19:16.713680+00:00, run_after=2024-11-01T21:19:16.713680+00:00
[2024-11-01 21:19:16,724] {processor.py:161} INFO - Processing /home/airflow/.local/lib/python3.7/site-packages/airflow/example_dags/example_short_circuit_operator.py took 0.049 seconds
[2024-11-01 21:19:47,444] {processor.py:153} INFO - Started process (PID=112) to work on /home/airflow/.local/lib/python3.7/site-packages/airflow/example_dags/example_short_circuit_operator.py
[2024-11-01 21:19:47,445] {processor.py:641} INFO - Processing file /home/airflow/.local/lib/python3.7/site-packages/airflow/example_dags/example_short_circuit_operator.py for tasks to queue
[2024-11-01 21:19:47,445] {logging_mixin.py:115} INFO - [2024-11-01 21:19:47,445] {dagbag.py:507} INFO - Filling up the DagBag from /home/airflow/.local/lib/python3.7/site-packages/airflow/example_dags/example_short_circuit_operator.py
[2024-11-01 21:19:47,452] {processor.py:651} INFO - DAG(s) dict_keys(['example_short_circuit_operator']) retrieved from /home/airflow/.local/lib/python3.7/site-packages/airflow/example_dags/example_short_circuit_operator.py
[2024-11-01 21:19:47,471] {logging_mixin.py:115} INFO - [2024-11-01 21:19:47,471] {dag.py:2371} INFO - Sync 1 DAGs
[2024-11-01 21:19:47,485] {logging_mixin.py:115} INFO - [2024-11-01 21:19:47,485] {dag.py:2919} INFO - Setting next_dagrun for example_short_circuit_operator to 2024-10-31T21:19:47.485529+00:00, run_after=2024-11-01T21:19:47.485529+00:00
[2024-11-01 21:19:47,492] {processor.py:161} INFO - Processing /home/airflow/.local/lib/python3.7/site-packages/airflow/example_dags/example_short_circuit_operator.py took 0.051 seconds
[2024-11-01 21:20:18,099] {processor.py:153} INFO - Started process (PID=153) to work on /home/airflow/.local/lib/python3.7/site-packages/airflow/example_dags/example_short_circuit_operator.py
[2024-11-01 21:20:18,099] {processor.py:641} INFO - Processing file /home/airflow/.local/lib/python3.7/site-packages/airflow/example_dags/example_short_circuit_operator.py for tasks to queue
[2024-11-01 21:20:18,100] {logging_mixin.py:115} INFO - [2024-11-01 21:20:18,099] {dagbag.py:507} INFO - Filling up the DagBag from /home/airflow/.local/lib/python3.7/site-packages/airflow/example_dags/example_short_circuit_operator.py
[2024-11-01 21:20:18,107] {processor.py:651} INFO - DAG(s) dict_keys(['example_short_circuit_operator']) retrieved from /home/airflow/.local/lib/python3.7/site-packages/airflow/example_dags/example_short_circuit_operator.py
[2024-11-01 21:20:18,124] {logging_mixin.py:115} INFO - [2024-11-01 21:20:18,124] {dag.py:2371} INFO - Sync 1 DAGs
[2024-11-01 21:20:18,144] {logging_mixin.py:115} INFO - [2024-11-01 21:20:18,144] {dag.py:2919} INFO - Setting next_dagrun for example_short_circuit_operator to 2024-10-31T21:20:18.144158+00:00, run_after=2024-11-01T21:20:18.144158+00:00
[2024-11-01 21:20:18,155] {processor.py:161} INFO - Processing /home/airflow/.local/lib/python3.7/site-packages/airflow/example_dags/example_short_circuit_operator.py took 0.059 seconds
[2024-11-01 21:20:48,785] {processor.py:153} INFO - Started process (PID=187) to work on /home/airflow/.local/lib/python3.7/site-packages/airflow/example_dags/example_short_circuit_operator.py
[2024-11-01 21:20:48,786] {processor.py:641} INFO - Processing file /home/airflow/.local/lib/python3.7/site-packages/airflow/example_dags/example_short_circuit_operator.py for tasks to queue
[2024-11-01 21:20:48,786] {logging_mixin.py:115} INFO - [2024-11-01 21:20:48,786] {dagbag.py:507} INFO - Filling up the DagBag from /home/airflow/.local/lib/python3.7/site-packages/airflow/example_dags/example_short_circuit_operator.py
[2024-11-01 21:20:48,791] {processor.py:651} INFO - DAG(s) dict_keys(['example_short_circuit_operator']) retrieved from /home/airflow/.local/lib/python3.7/site-packages/airflow/example_dags/example_short_circuit_operator.py
[2024-11-01 21:20:48,811] {logging_mixin.py:115} INFO - [2024-11-01 21:20:48,810] {dag.py:2371} INFO - Sync 1 DAGs
[2024-11-01 21:20:48,827] {logging_mixin.py:115} INFO - [2024-11-01 21:20:48,827] {dag.py:2919} INFO - Setting next_dagrun for example_short_circuit_operator to 2024-10-31T21:20:48.826920+00:00, run_after=2024-11-01T21:20:48.826920+00:00
[2024-11-01 21:20:48,834] {processor.py:161} INFO - Processing /home/airflow/.local/lib/python3.7/site-packages/airflow/example_dags/example_short_circuit_operator.py took 0.051 seconds
[2024-11-01 21:21:19,466] {processor.py:153} INFO - Started process (PID=228) to work on /home/airflow/.local/lib/python3.7/site-packages/airflow/example_dags/example_short_circuit_operator.py
[2024-11-01 21:21:19,467] {processor.py:641} INFO - Processing file /home/airflow/.local/lib/python3.7/site-packages/airflow/example_dags/example_short_circuit_operator.py for tasks to queue
[2024-11-01 21:21:19,467] {logging_mixin.py:115} INFO - [2024-11-01 21:21:19,467] {dagbag.py:507} INFO - Filling up the DagBag from /home/airflow/.local/lib/python3.7/site-packages/airflow/example_dags/example_short_circuit_operator.py
[2024-11-01 21:21:19,475] {processor.py:651} INFO - DAG(s) dict_keys(['example_short_circuit_operator']) retrieved from /home/airflow/.local/lib/python3.7/site-packages/airflow/example_dags/example_short_circuit_operator.py
[2024-11-01 21:21:19,500] {logging_mixin.py:115} INFO - [2024-11-01 21:21:19,500] {dag.py:2371} INFO - Sync 1 DAGs
[2024-11-01 21:21:19,513] {logging_mixin.py:115} INFO - [2024-11-01 21:21:19,513] {dag.py:2919} INFO - Setting next_dagrun for example_short_circuit_operator to 2024-10-31T21:21:19.513412+00:00, run_after=2024-11-01T21:21:19.513412+00:00
[2024-11-01 21:21:19,520] {processor.py:161} INFO - Processing /home/airflow/.local/lib/python3.7/site-packages/airflow/example_dags/example_short_circuit_operator.py took 0.057 seconds
[2024-11-01 21:21:50,247] {processor.py:153} INFO - Started process (PID=262) to work on /home/airflow/.local/lib/python3.7/site-packages/airflow/example_dags/example_short_circuit_operator.py
[2024-11-01 21:21:50,247] {processor.py:641} INFO - Processing file /home/airflow/.local/lib/python3.7/site-packages/airflow/example_dags/example_short_circuit_operator.py for tasks to queue
[2024-11-01 21:21:50,248] {logging_mixin.py:115} INFO - [2024-11-01 21:21:50,248] {dagbag.py:507} INFO - Filling up the DagBag from /home/airflow/.local/lib/python3.7/site-packages/airflow/example_dags/example_short_circuit_operator.py
[2024-11-01 21:21:50,253] {processor.py:651} INFO - DAG(s) dict_keys(['example_short_circuit_operator']) retrieved from /home/airflow/.local/lib/python3.7/site-packages/airflow/example_dags/example_short_circuit_operator.py
[2024-11-01 21:21:50,268] {logging_mixin.py:115} INFO - [2024-11-01 21:21:50,268] {dag.py:2371} INFO - Sync 1 DAGs
[2024-11-01 21:21:50,283] {logging_mixin.py:115} INFO - [2024-11-01 21:21:50,283] {dag.py:2919} INFO - Setting next_dagrun for example_short_circuit_operator to 2024-10-31T21:21:50.283203+00:00, run_after=2024-11-01T21:21:50.283203+00:00
[2024-11-01 21:21:50,292] {processor.py:161} INFO - Processing /home/airflow/.local/lib/python3.7/site-packages/airflow/example_dags/example_short_circuit_operator.py took 0.048 seconds
