[2024-11-01 21:18:47,725] {processor.py:153} INFO - Started process (PID=57) to work on /home/airflow/.local/lib/python3.7/site-packages/airflow/example_dags/example_kubernetes_executor.py
[2024-11-01 21:18:47,726] {processor.py:641} INFO - Processing file /home/airflow/.local/lib/python3.7/site-packages/airflow/example_dags/example_kubernetes_executor.py for tasks to queue
[2024-11-01 21:18:47,726] {logging_mixin.py:115} INFO - [2024-11-01 21:18:47,726] {dagbag.py:507} INFO - Filling up the DagBag from /home/airflow/.local/lib/python3.7/site-packages/airflow/example_dags/example_kubernetes_executor.py
[2024-11-01 21:18:47,743] {processor.py:651} INFO - DAG(s) dict_keys(['example_kubernetes_executor']) retrieved from /home/airflow/.local/lib/python3.7/site-packages/airflow/example_dags/example_kubernetes_executor.py
[2024-11-01 21:18:47,897] {logging_mixin.py:115} INFO - [2024-11-01 21:18:47,897] {manager.py:508} INFO - Created Permission View: can delete on DAG:example_kubernetes_executor
[2024-11-01 21:18:47,905] {logging_mixin.py:115} INFO - [2024-11-01 21:18:47,904] {manager.py:508} INFO - Created Permission View: can read on DAG:example_kubernetes_executor
[2024-11-01 21:18:47,912] {logging_mixin.py:115} INFO - [2024-11-01 21:18:47,912] {manager.py:508} INFO - Created Permission View: can edit on DAG:example_kubernetes_executor
[2024-11-01 21:18:47,912] {logging_mixin.py:115} INFO - [2024-11-01 21:18:47,912] {dag.py:2371} INFO - Sync 1 DAGs
[2024-11-01 21:18:47,919] {logging_mixin.py:115} INFO - [2024-11-01 21:18:47,919] {dag.py:2390} INFO - Creating ORM DAG for example_kubernetes_executor
[2024-11-01 21:18:47,930] {logging_mixin.py:115} INFO - [2024-11-01 21:18:47,930] {dag.py:2919} INFO - Setting next_dagrun for example_kubernetes_executor to None, run_after=None
[2024-11-01 21:18:47,943] {processor.py:161} INFO - Processing /home/airflow/.local/lib/python3.7/site-packages/airflow/example_dags/example_kubernetes_executor.py took 0.220 seconds
[2024-11-01 21:19:18,382] {processor.py:153} INFO - Started process (PID=91) to work on /home/airflow/.local/lib/python3.7/site-packages/airflow/example_dags/example_kubernetes_executor.py
[2024-11-01 21:19:18,383] {processor.py:641} INFO - Processing file /home/airflow/.local/lib/python3.7/site-packages/airflow/example_dags/example_kubernetes_executor.py for tasks to queue
[2024-11-01 21:19:18,383] {logging_mixin.py:115} INFO - [2024-11-01 21:19:18,383] {dagbag.py:507} INFO - Filling up the DagBag from /home/airflow/.local/lib/python3.7/site-packages/airflow/example_dags/example_kubernetes_executor.py
[2024-11-01 21:19:18,399] {processor.py:651} INFO - DAG(s) dict_keys(['example_kubernetes_executor']) retrieved from /home/airflow/.local/lib/python3.7/site-packages/airflow/example_dags/example_kubernetes_executor.py
[2024-11-01 21:19:18,415] {logging_mixin.py:115} INFO - [2024-11-01 21:19:18,415] {dag.py:2371} INFO - Sync 1 DAGs
[2024-11-01 21:19:18,504] {logging_mixin.py:115} INFO - [2024-11-01 21:19:18,504] {dag.py:2919} INFO - Setting next_dagrun for example_kubernetes_executor to None, run_after=None
[2024-11-01 21:19:18,512] {processor.py:161} INFO - Processing /home/airflow/.local/lib/python3.7/site-packages/airflow/example_dags/example_kubernetes_executor.py took 0.133 seconds
[2024-11-01 21:19:49,079] {processor.py:153} INFO - Started process (PID=125) to work on /home/airflow/.local/lib/python3.7/site-packages/airflow/example_dags/example_kubernetes_executor.py
[2024-11-01 21:19:49,079] {processor.py:641} INFO - Processing file /home/airflow/.local/lib/python3.7/site-packages/airflow/example_dags/example_kubernetes_executor.py for tasks to queue
[2024-11-01 21:19:49,080] {logging_mixin.py:115} INFO - [2024-11-01 21:19:49,080] {dagbag.py:507} INFO - Filling up the DagBag from /home/airflow/.local/lib/python3.7/site-packages/airflow/example_dags/example_kubernetes_executor.py
[2024-11-01 21:19:49,093] {processor.py:651} INFO - DAG(s) dict_keys(['example_kubernetes_executor']) retrieved from /home/airflow/.local/lib/python3.7/site-packages/airflow/example_dags/example_kubernetes_executor.py
[2024-11-01 21:19:49,109] {logging_mixin.py:115} INFO - [2024-11-01 21:19:49,109] {dag.py:2371} INFO - Sync 1 DAGs
[2024-11-01 21:19:49,196] {logging_mixin.py:115} INFO - [2024-11-01 21:19:49,196] {dag.py:2919} INFO - Setting next_dagrun for example_kubernetes_executor to None, run_after=None
[2024-11-01 21:19:49,203] {processor.py:161} INFO - Processing /home/airflow/.local/lib/python3.7/site-packages/airflow/example_dags/example_kubernetes_executor.py took 0.126 seconds
[2024-11-01 21:20:19,758] {processor.py:153} INFO - Started process (PID=166) to work on /home/airflow/.local/lib/python3.7/site-packages/airflow/example_dags/example_kubernetes_executor.py
[2024-11-01 21:20:19,758] {processor.py:641} INFO - Processing file /home/airflow/.local/lib/python3.7/site-packages/airflow/example_dags/example_kubernetes_executor.py for tasks to queue
[2024-11-01 21:20:19,758] {logging_mixin.py:115} INFO - [2024-11-01 21:20:19,758] {dagbag.py:507} INFO - Filling up the DagBag from /home/airflow/.local/lib/python3.7/site-packages/airflow/example_dags/example_kubernetes_executor.py
[2024-11-01 21:20:19,774] {processor.py:651} INFO - DAG(s) dict_keys(['example_kubernetes_executor']) retrieved from /home/airflow/.local/lib/python3.7/site-packages/airflow/example_dags/example_kubernetes_executor.py
[2024-11-01 21:20:19,795] {logging_mixin.py:115} INFO - [2024-11-01 21:20:19,795] {dag.py:2371} INFO - Sync 1 DAGs
[2024-11-01 21:20:19,883] {logging_mixin.py:115} INFO - [2024-11-01 21:20:19,883] {dag.py:2919} INFO - Setting next_dagrun for example_kubernetes_executor to None, run_after=None
[2024-11-01 21:20:19,891] {processor.py:161} INFO - Processing /home/airflow/.local/lib/python3.7/site-packages/airflow/example_dags/example_kubernetes_executor.py took 0.135 seconds
[2024-11-01 21:20:50,425] {processor.py:153} INFO - Started process (PID=200) to work on /home/airflow/.local/lib/python3.7/site-packages/airflow/example_dags/example_kubernetes_executor.py
[2024-11-01 21:20:50,426] {processor.py:641} INFO - Processing file /home/airflow/.local/lib/python3.7/site-packages/airflow/example_dags/example_kubernetes_executor.py for tasks to queue
[2024-11-01 21:20:50,426] {logging_mixin.py:115} INFO - [2024-11-01 21:20:50,426] {dagbag.py:507} INFO - Filling up the DagBag from /home/airflow/.local/lib/python3.7/site-packages/airflow/example_dags/example_kubernetes_executor.py
[2024-11-01 21:20:50,443] {processor.py:651} INFO - DAG(s) dict_keys(['example_kubernetes_executor']) retrieved from /home/airflow/.local/lib/python3.7/site-packages/airflow/example_dags/example_kubernetes_executor.py
[2024-11-01 21:20:50,462] {logging_mixin.py:115} INFO - [2024-11-01 21:20:50,462] {dag.py:2371} INFO - Sync 1 DAGs
[2024-11-01 21:20:50,549] {logging_mixin.py:115} INFO - [2024-11-01 21:20:50,549] {dag.py:2919} INFO - Setting next_dagrun for example_kubernetes_executor to None, run_after=None
[2024-11-01 21:20:50,557] {processor.py:161} INFO - Processing /home/airflow/.local/lib/python3.7/site-packages/airflow/example_dags/example_kubernetes_executor.py took 0.136 seconds
[2024-11-01 21:21:21,173] {processor.py:153} INFO - Started process (PID=241) to work on /home/airflow/.local/lib/python3.7/site-packages/airflow/example_dags/example_kubernetes_executor.py
[2024-11-01 21:21:21,174] {processor.py:641} INFO - Processing file /home/airflow/.local/lib/python3.7/site-packages/airflow/example_dags/example_kubernetes_executor.py for tasks to queue
[2024-11-01 21:21:21,174] {logging_mixin.py:115} INFO - [2024-11-01 21:21:21,174] {dagbag.py:507} INFO - Filling up the DagBag from /home/airflow/.local/lib/python3.7/site-packages/airflow/example_dags/example_kubernetes_executor.py
[2024-11-01 21:21:21,187] {processor.py:651} INFO - DAG(s) dict_keys(['example_kubernetes_executor']) retrieved from /home/airflow/.local/lib/python3.7/site-packages/airflow/example_dags/example_kubernetes_executor.py
[2024-11-01 21:21:21,205] {logging_mixin.py:115} INFO - [2024-11-01 21:21:21,205] {dag.py:2371} INFO - Sync 1 DAGs
[2024-11-01 21:21:21,290] {logging_mixin.py:115} INFO - [2024-11-01 21:21:21,290] {dag.py:2919} INFO - Setting next_dagrun for example_kubernetes_executor to None, run_after=None
[2024-11-01 21:21:21,297] {processor.py:161} INFO - Processing /home/airflow/.local/lib/python3.7/site-packages/airflow/example_dags/example_kubernetes_executor.py took 0.126 seconds
[2024-11-01 21:21:51,862] {processor.py:153} INFO - Started process (PID=275) to work on /home/airflow/.local/lib/python3.7/site-packages/airflow/example_dags/example_kubernetes_executor.py
[2024-11-01 21:21:51,863] {processor.py:641} INFO - Processing file /home/airflow/.local/lib/python3.7/site-packages/airflow/example_dags/example_kubernetes_executor.py for tasks to queue
[2024-11-01 21:21:51,864] {logging_mixin.py:115} INFO - [2024-11-01 21:21:51,864] {dagbag.py:507} INFO - Filling up the DagBag from /home/airflow/.local/lib/python3.7/site-packages/airflow/example_dags/example_kubernetes_executor.py
[2024-11-01 21:21:51,879] {processor.py:651} INFO - DAG(s) dict_keys(['example_kubernetes_executor']) retrieved from /home/airflow/.local/lib/python3.7/site-packages/airflow/example_dags/example_kubernetes_executor.py
[2024-11-01 21:21:51,900] {logging_mixin.py:115} INFO - [2024-11-01 21:21:51,900] {dag.py:2371} INFO - Sync 1 DAGs
[2024-11-01 21:21:51,990] {logging_mixin.py:115} INFO - [2024-11-01 21:21:51,990] {dag.py:2919} INFO - Setting next_dagrun for example_kubernetes_executor to None, run_after=None
[2024-11-01 21:21:51,998] {processor.py:161} INFO - Processing /home/airflow/.local/lib/python3.7/site-packages/airflow/example_dags/example_kubernetes_executor.py took 0.138 seconds
