[2024-11-01 21:18:46,230] {processor.py:153} INFO - Started process (PID=43) to work on /home/airflow/.local/lib/python3.7/site-packages/airflow/example_dags/example_dag_decorator.py
[2024-11-01 21:18:46,231] {processor.py:641} INFO - Processing file /home/airflow/.local/lib/python3.7/site-packages/airflow/example_dags/example_dag_decorator.py for tasks to queue
[2024-11-01 21:18:46,231] {logging_mixin.py:115} INFO - [2024-11-01 21:18:46,231] {dagbag.py:507} INFO - Filling up the DagBag from /home/airflow/.local/lib/python3.7/site-packages/airflow/example_dags/example_dag_decorator.py
[2024-11-01 21:18:46,264] {processor.py:651} INFO - DAG(s) dict_keys(['example_dag_decorator']) retrieved from /home/airflow/.local/lib/python3.7/site-packages/airflow/example_dags/example_dag_decorator.py
[2024-11-01 21:18:46,404] {logging_mixin.py:115} INFO - [2024-11-01 21:18:46,404] {manager.py:508} INFO - Created Permission View: can delete on DAG:example_dag_decorator
[2024-11-01 21:18:46,411] {logging_mixin.py:115} INFO - [2024-11-01 21:18:46,411] {manager.py:508} INFO - Created Permission View: can read on DAG:example_dag_decorator
[2024-11-01 21:18:46,417] {logging_mixin.py:115} INFO - [2024-11-01 21:18:46,417] {manager.py:508} INFO - Created Permission View: can edit on DAG:example_dag_decorator
[2024-11-01 21:18:46,417] {logging_mixin.py:115} INFO - [2024-11-01 21:18:46,417] {dag.py:2371} INFO - Sync 1 DAGs
[2024-11-01 21:18:46,423] {logging_mixin.py:115} INFO - [2024-11-01 21:18:46,422] {dag.py:2390} INFO - Creating ORM DAG for example_dag_decorator
[2024-11-01 21:18:46,431] {logging_mixin.py:115} INFO - [2024-11-01 21:18:46,431] {dag.py:2919} INFO - Setting next_dagrun for example_dag_decorator to None, run_after=None
[2024-11-01 21:18:46,441] {processor.py:161} INFO - Processing /home/airflow/.local/lib/python3.7/site-packages/airflow/example_dags/example_dag_decorator.py took 0.214 seconds
[2024-11-01 21:19:16,600] {processor.py:153} INFO - Started process (PID=77) to work on /home/airflow/.local/lib/python3.7/site-packages/airflow/example_dags/example_dag_decorator.py
[2024-11-01 21:19:16,601] {processor.py:641} INFO - Processing file /home/airflow/.local/lib/python3.7/site-packages/airflow/example_dags/example_dag_decorator.py for tasks to queue
[2024-11-01 21:19:16,601] {logging_mixin.py:115} INFO - [2024-11-01 21:19:16,601] {dagbag.py:507} INFO - Filling up the DagBag from /home/airflow/.local/lib/python3.7/site-packages/airflow/example_dags/example_dag_decorator.py
[2024-11-01 21:19:16,614] {processor.py:651} INFO - DAG(s) dict_keys(['example_dag_decorator']) retrieved from /home/airflow/.local/lib/python3.7/site-packages/airflow/example_dags/example_dag_decorator.py
[2024-11-01 21:19:16,729] {logging_mixin.py:115} INFO - [2024-11-01 21:19:16,729] {dag.py:2371} INFO - Sync 1 DAGs
[2024-11-01 21:19:16,742] {logging_mixin.py:115} INFO - [2024-11-01 21:19:16,742] {dag.py:2919} INFO - Setting next_dagrun for example_dag_decorator to None, run_after=None
[2024-11-01 21:19:16,750] {processor.py:161} INFO - Processing /home/airflow/.local/lib/python3.7/site-packages/airflow/example_dags/example_dag_decorator.py took 0.152 seconds
[2024-11-01 21:19:47,359] {processor.py:153} INFO - Started process (PID=111) to work on /home/airflow/.local/lib/python3.7/site-packages/airflow/example_dags/example_dag_decorator.py
[2024-11-01 21:19:47,360] {processor.py:641} INFO - Processing file /home/airflow/.local/lib/python3.7/site-packages/airflow/example_dags/example_dag_decorator.py for tasks to queue
[2024-11-01 21:19:47,360] {logging_mixin.py:115} INFO - [2024-11-01 21:19:47,360] {dagbag.py:507} INFO - Filling up the DagBag from /home/airflow/.local/lib/python3.7/site-packages/airflow/example_dags/example_dag_decorator.py
[2024-11-01 21:19:47,373] {processor.py:651} INFO - DAG(s) dict_keys(['example_dag_decorator']) retrieved from /home/airflow/.local/lib/python3.7/site-packages/airflow/example_dags/example_dag_decorator.py
[2024-11-01 21:19:47,388] {logging_mixin.py:115} INFO - [2024-11-01 21:19:47,388] {dag.py:2371} INFO - Sync 1 DAGs
[2024-11-01 21:19:47,478] {logging_mixin.py:115} INFO - [2024-11-01 21:19:47,478] {dag.py:2919} INFO - Setting next_dagrun for example_dag_decorator to None, run_after=None
[2024-11-01 21:19:47,485] {processor.py:161} INFO - Processing /home/airflow/.local/lib/python3.7/site-packages/airflow/example_dags/example_dag_decorator.py took 0.128 seconds
[2024-11-01 21:20:18,013] {processor.py:153} INFO - Started process (PID=152) to work on /home/airflow/.local/lib/python3.7/site-packages/airflow/example_dags/example_dag_decorator.py
[2024-11-01 21:20:18,013] {processor.py:641} INFO - Processing file /home/airflow/.local/lib/python3.7/site-packages/airflow/example_dags/example_dag_decorator.py for tasks to queue
[2024-11-01 21:20:18,014] {logging_mixin.py:115} INFO - [2024-11-01 21:20:18,014] {dagbag.py:507} INFO - Filling up the DagBag from /home/airflow/.local/lib/python3.7/site-packages/airflow/example_dags/example_dag_decorator.py
[2024-11-01 21:20:18,027] {processor.py:651} INFO - DAG(s) dict_keys(['example_dag_decorator']) retrieved from /home/airflow/.local/lib/python3.7/site-packages/airflow/example_dags/example_dag_decorator.py
[2024-11-01 21:20:18,148] {logging_mixin.py:115} INFO - [2024-11-01 21:20:18,148] {dag.py:2371} INFO - Sync 1 DAGs
[2024-11-01 21:20:18,165] {logging_mixin.py:115} INFO - [2024-11-01 21:20:18,165] {dag.py:2919} INFO - Setting next_dagrun for example_dag_decorator to None, run_after=None
[2024-11-01 21:20:18,177] {processor.py:161} INFO - Processing /home/airflow/.local/lib/python3.7/site-packages/airflow/example_dags/example_dag_decorator.py took 0.167 seconds
[2024-11-01 21:20:48,712] {processor.py:153} INFO - Started process (PID=186) to work on /home/airflow/.local/lib/python3.7/site-packages/airflow/example_dags/example_dag_decorator.py
[2024-11-01 21:20:48,713] {processor.py:641} INFO - Processing file /home/airflow/.local/lib/python3.7/site-packages/airflow/example_dags/example_dag_decorator.py for tasks to queue
[2024-11-01 21:20:48,713] {logging_mixin.py:115} INFO - [2024-11-01 21:20:48,713] {dagbag.py:507} INFO - Filling up the DagBag from /home/airflow/.local/lib/python3.7/site-packages/airflow/example_dags/example_dag_decorator.py
[2024-11-01 21:20:48,727] {processor.py:651} INFO - DAG(s) dict_keys(['example_dag_decorator']) retrieved from /home/airflow/.local/lib/python3.7/site-packages/airflow/example_dags/example_dag_decorator.py
[2024-11-01 21:20:48,838] {logging_mixin.py:115} INFO - [2024-11-01 21:20:48,838] {dag.py:2371} INFO - Sync 1 DAGs
[2024-11-01 21:20:48,848] {logging_mixin.py:115} INFO - [2024-11-01 21:20:48,848] {dag.py:2919} INFO - Setting next_dagrun for example_dag_decorator to None, run_after=None
[2024-11-01 21:20:48,856] {processor.py:161} INFO - Processing /home/airflow/.local/lib/python3.7/site-packages/airflow/example_dags/example_dag_decorator.py took 0.146 seconds
[2024-11-01 21:21:19,397] {processor.py:153} INFO - Started process (PID=227) to work on /home/airflow/.local/lib/python3.7/site-packages/airflow/example_dags/example_dag_decorator.py
[2024-11-01 21:21:19,398] {processor.py:641} INFO - Processing file /home/airflow/.local/lib/python3.7/site-packages/airflow/example_dags/example_dag_decorator.py for tasks to queue
[2024-11-01 21:21:19,398] {logging_mixin.py:115} INFO - [2024-11-01 21:21:19,398] {dagbag.py:507} INFO - Filling up the DagBag from /home/airflow/.local/lib/python3.7/site-packages/airflow/example_dags/example_dag_decorator.py
[2024-11-01 21:21:19,412] {processor.py:651} INFO - DAG(s) dict_keys(['example_dag_decorator']) retrieved from /home/airflow/.local/lib/python3.7/site-packages/airflow/example_dags/example_dag_decorator.py
[2024-11-01 21:21:19,429] {logging_mixin.py:115} INFO - [2024-11-01 21:21:19,429] {dag.py:2371} INFO - Sync 1 DAGs
[2024-11-01 21:21:19,512] {logging_mixin.py:115} INFO - [2024-11-01 21:21:19,512] {dag.py:2919} INFO - Setting next_dagrun for example_dag_decorator to None, run_after=None
[2024-11-01 21:21:19,519] {processor.py:161} INFO - Processing /home/airflow/.local/lib/python3.7/site-packages/airflow/example_dags/example_dag_decorator.py took 0.125 seconds
[2024-11-01 21:21:50,171] {processor.py:153} INFO - Started process (PID=261) to work on /home/airflow/.local/lib/python3.7/site-packages/airflow/example_dags/example_dag_decorator.py
[2024-11-01 21:21:50,172] {processor.py:641} INFO - Processing file /home/airflow/.local/lib/python3.7/site-packages/airflow/example_dags/example_dag_decorator.py for tasks to queue
[2024-11-01 21:21:50,172] {logging_mixin.py:115} INFO - [2024-11-01 21:21:50,172] {dagbag.py:507} INFO - Filling up the DagBag from /home/airflow/.local/lib/python3.7/site-packages/airflow/example_dags/example_dag_decorator.py
[2024-11-01 21:21:50,185] {processor.py:651} INFO - DAG(s) dict_keys(['example_dag_decorator']) retrieved from /home/airflow/.local/lib/python3.7/site-packages/airflow/example_dags/example_dag_decorator.py
[2024-11-01 21:21:50,298] {logging_mixin.py:115} INFO - [2024-11-01 21:21:50,298] {dag.py:2371} INFO - Sync 1 DAGs
[2024-11-01 21:21:50,308] {logging_mixin.py:115} INFO - [2024-11-01 21:21:50,308] {dag.py:2919} INFO - Setting next_dagrun for example_dag_decorator to None, run_after=None
[2024-11-01 21:21:50,316] {processor.py:161} INFO - Processing /home/airflow/.local/lib/python3.7/site-packages/airflow/example_dags/example_dag_decorator.py took 0.147 seconds
