[2024-11-01 21:18:48,629] {processor.py:153} INFO - Started process (PID=66) to work on /home/airflow/.local/lib/python3.7/site-packages/airflow/example_dags/example_complex.py
[2024-11-01 21:18:48,629] {processor.py:641} INFO - Processing file /home/airflow/.local/lib/python3.7/site-packages/airflow/example_dags/example_complex.py for tasks to queue
[2024-11-01 21:18:48,629] {logging_mixin.py:115} INFO - [2024-11-01 21:18:48,629] {dagbag.py:507} INFO - Filling up the DagBag from /home/airflow/.local/lib/python3.7/site-packages/airflow/example_dags/example_complex.py
[2024-11-01 21:18:48,637] {processor.py:651} INFO - DAG(s) dict_keys(['example_complex']) retrieved from /home/airflow/.local/lib/python3.7/site-packages/airflow/example_dags/example_complex.py
[2024-11-01 21:18:48,780] {logging_mixin.py:115} INFO - [2024-11-01 21:18:48,780] {manager.py:508} INFO - Created Permission View: can delete on DAG:example_complex
[2024-11-01 21:18:48,787] {logging_mixin.py:115} INFO - [2024-11-01 21:18:48,787] {manager.py:508} INFO - Created Permission View: can read on DAG:example_complex
[2024-11-01 21:18:48,792] {logging_mixin.py:115} INFO - [2024-11-01 21:18:48,792] {manager.py:508} INFO - Created Permission View: can edit on DAG:example_complex
[2024-11-01 21:18:48,792] {logging_mixin.py:115} INFO - [2024-11-01 21:18:48,792] {dag.py:2371} INFO - Sync 1 DAGs
[2024-11-01 21:18:48,796] {logging_mixin.py:115} INFO - [2024-11-01 21:18:48,796] {dag.py:2390} INFO - Creating ORM DAG for example_complex
[2024-11-01 21:18:48,803] {logging_mixin.py:115} INFO - [2024-11-01 21:18:48,803] {dag.py:2919} INFO - Setting next_dagrun for example_complex to None, run_after=None
[2024-11-01 21:18:48,813] {processor.py:161} INFO - Processing /home/airflow/.local/lib/python3.7/site-packages/airflow/example_dags/example_complex.py took 0.187 seconds
[2024-11-01 21:19:18,983] {processor.py:153} INFO - Started process (PID=100) to work on /home/airflow/.local/lib/python3.7/site-packages/airflow/example_dags/example_complex.py
[2024-11-01 21:19:18,984] {processor.py:641} INFO - Processing file /home/airflow/.local/lib/python3.7/site-packages/airflow/example_dags/example_complex.py for tasks to queue
[2024-11-01 21:19:18,984] {logging_mixin.py:115} INFO - [2024-11-01 21:19:18,984] {dagbag.py:507} INFO - Filling up the DagBag from /home/airflow/.local/lib/python3.7/site-packages/airflow/example_dags/example_complex.py
[2024-11-01 21:19:18,991] {processor.py:651} INFO - DAG(s) dict_keys(['example_complex']) retrieved from /home/airflow/.local/lib/python3.7/site-packages/airflow/example_dags/example_complex.py
[2024-11-01 21:19:19,010] {logging_mixin.py:115} INFO - [2024-11-01 21:19:19,010] {dag.py:2371} INFO - Sync 1 DAGs
[2024-11-01 21:19:19,024] {logging_mixin.py:115} INFO - [2024-11-01 21:19:19,024] {dag.py:2919} INFO - Setting next_dagrun for example_complex to None, run_after=None
[2024-11-01 21:19:19,035] {processor.py:161} INFO - Processing /home/airflow/.local/lib/python3.7/site-packages/airflow/example_dags/example_complex.py took 0.054 seconds
[2024-11-01 21:19:49,480] {processor.py:153} INFO - Started process (PID=134) to work on /home/airflow/.local/lib/python3.7/site-packages/airflow/example_dags/example_complex.py
[2024-11-01 21:19:49,481] {processor.py:641} INFO - Processing file /home/airflow/.local/lib/python3.7/site-packages/airflow/example_dags/example_complex.py for tasks to queue
[2024-11-01 21:19:49,481] {logging_mixin.py:115} INFO - [2024-11-01 21:19:49,481] {dagbag.py:507} INFO - Filling up the DagBag from /home/airflow/.local/lib/python3.7/site-packages/airflow/example_dags/example_complex.py
[2024-11-01 21:19:49,488] {processor.py:651} INFO - DAG(s) dict_keys(['example_complex']) retrieved from /home/airflow/.local/lib/python3.7/site-packages/airflow/example_dags/example_complex.py
[2024-11-01 21:19:49,505] {logging_mixin.py:115} INFO - [2024-11-01 21:19:49,505] {dag.py:2371} INFO - Sync 1 DAGs
[2024-11-01 21:19:49,522] {logging_mixin.py:115} INFO - [2024-11-01 21:19:49,522] {dag.py:2919} INFO - Setting next_dagrun for example_complex to None, run_after=None
[2024-11-01 21:19:49,530] {processor.py:161} INFO - Processing /home/airflow/.local/lib/python3.7/site-packages/airflow/example_dags/example_complex.py took 0.053 seconds
[2024-11-01 21:20:20,159] {processor.py:153} INFO - Started process (PID=175) to work on /home/airflow/.local/lib/python3.7/site-packages/airflow/example_dags/example_complex.py
[2024-11-01 21:20:20,159] {processor.py:641} INFO - Processing file /home/airflow/.local/lib/python3.7/site-packages/airflow/example_dags/example_complex.py for tasks to queue
[2024-11-01 21:20:20,159] {logging_mixin.py:115} INFO - [2024-11-01 21:20:20,159] {dagbag.py:507} INFO - Filling up the DagBag from /home/airflow/.local/lib/python3.7/site-packages/airflow/example_dags/example_complex.py
[2024-11-01 21:20:20,166] {processor.py:651} INFO - DAG(s) dict_keys(['example_complex']) retrieved from /home/airflow/.local/lib/python3.7/site-packages/airflow/example_dags/example_complex.py
[2024-11-01 21:20:20,184] {logging_mixin.py:115} INFO - [2024-11-01 21:20:20,184] {dag.py:2371} INFO - Sync 1 DAGs
[2024-11-01 21:20:20,200] {logging_mixin.py:115} INFO - [2024-11-01 21:20:20,200] {dag.py:2919} INFO - Setting next_dagrun for example_complex to None, run_after=None
[2024-11-01 21:20:20,208] {processor.py:161} INFO - Processing /home/airflow/.local/lib/python3.7/site-packages/airflow/example_dags/example_complex.py took 0.051 seconds
[2024-11-01 21:20:50,835] {processor.py:153} INFO - Started process (PID=209) to work on /home/airflow/.local/lib/python3.7/site-packages/airflow/example_dags/example_complex.py
[2024-11-01 21:20:50,835] {processor.py:641} INFO - Processing file /home/airflow/.local/lib/python3.7/site-packages/airflow/example_dags/example_complex.py for tasks to queue
[2024-11-01 21:20:50,835] {logging_mixin.py:115} INFO - [2024-11-01 21:20:50,835] {dagbag.py:507} INFO - Filling up the DagBag from /home/airflow/.local/lib/python3.7/site-packages/airflow/example_dags/example_complex.py
[2024-11-01 21:20:50,842] {processor.py:651} INFO - DAG(s) dict_keys(['example_complex']) retrieved from /home/airflow/.local/lib/python3.7/site-packages/airflow/example_dags/example_complex.py
[2024-11-01 21:20:50,866] {logging_mixin.py:115} INFO - [2024-11-01 21:20:50,866] {dag.py:2371} INFO - Sync 1 DAGs
[2024-11-01 21:20:50,884] {logging_mixin.py:115} INFO - [2024-11-01 21:20:50,884] {dag.py:2919} INFO - Setting next_dagrun for example_complex to None, run_after=None
[2024-11-01 21:20:50,894] {processor.py:161} INFO - Processing /home/airflow/.local/lib/python3.7/site-packages/airflow/example_dags/example_complex.py took 0.061 seconds
[2024-11-01 21:21:21,631] {processor.py:153} INFO - Started process (PID=250) to work on /home/airflow/.local/lib/python3.7/site-packages/airflow/example_dags/example_complex.py
[2024-11-01 21:21:21,632] {processor.py:641} INFO - Processing file /home/airflow/.local/lib/python3.7/site-packages/airflow/example_dags/example_complex.py for tasks to queue
[2024-11-01 21:21:21,632] {logging_mixin.py:115} INFO - [2024-11-01 21:21:21,632] {dagbag.py:507} INFO - Filling up the DagBag from /home/airflow/.local/lib/python3.7/site-packages/airflow/example_dags/example_complex.py
[2024-11-01 21:21:21,639] {processor.py:651} INFO - DAG(s) dict_keys(['example_complex']) retrieved from /home/airflow/.local/lib/python3.7/site-packages/airflow/example_dags/example_complex.py
[2024-11-01 21:21:21,659] {logging_mixin.py:115} INFO - [2024-11-01 21:21:21,659] {dag.py:2371} INFO - Sync 1 DAGs
[2024-11-01 21:21:21,674] {logging_mixin.py:115} INFO - [2024-11-01 21:21:21,673] {dag.py:2919} INFO - Setting next_dagrun for example_complex to None, run_after=None
[2024-11-01 21:21:21,684] {processor.py:161} INFO - Processing /home/airflow/.local/lib/python3.7/site-packages/airflow/example_dags/example_complex.py took 0.056 seconds
[2024-11-01 21:21:52,526] {processor.py:153} INFO - Started process (PID=284) to work on /home/airflow/.local/lib/python3.7/site-packages/airflow/example_dags/example_complex.py
[2024-11-01 21:21:52,526] {processor.py:641} INFO - Processing file /home/airflow/.local/lib/python3.7/site-packages/airflow/example_dags/example_complex.py for tasks to queue
[2024-11-01 21:21:52,526] {logging_mixin.py:115} INFO - [2024-11-01 21:21:52,526] {dagbag.py:507} INFO - Filling up the DagBag from /home/airflow/.local/lib/python3.7/site-packages/airflow/example_dags/example_complex.py
[2024-11-01 21:21:52,536] {processor.py:651} INFO - DAG(s) dict_keys(['example_complex']) retrieved from /home/airflow/.local/lib/python3.7/site-packages/airflow/example_dags/example_complex.py
[2024-11-01 21:21:52,559] {logging_mixin.py:115} INFO - [2024-11-01 21:21:52,559] {dag.py:2371} INFO - Sync 1 DAGs
[2024-11-01 21:21:52,577] {logging_mixin.py:115} INFO - [2024-11-01 21:21:52,577] {dag.py:2919} INFO - Setting next_dagrun for example_complex to None, run_after=None
[2024-11-01 21:21:52,585] {processor.py:161} INFO - Processing /home/airflow/.local/lib/python3.7/site-packages/airflow/example_dags/example_complex.py took 0.062 seconds
