[2024-11-01 21:18:49,251] {processor.py:153} INFO - Started process (PID=72) to work on /home/airflow/.local/lib/python3.7/site-packages/airflow/example_dags/example_skip_dag.py
[2024-11-01 21:18:49,251] {processor.py:641} INFO - Processing file /home/airflow/.local/lib/python3.7/site-packages/airflow/example_dags/example_skip_dag.py for tasks to queue
[2024-11-01 21:18:49,251] {logging_mixin.py:115} INFO - [2024-11-01 21:18:49,251] {dagbag.py:507} INFO - Filling up the DagBag from /home/airflow/.local/lib/python3.7/site-packages/airflow/example_dags/example_skip_dag.py
[2024-11-01 21:18:49,255] {processor.py:651} INFO - DAG(s) dict_keys(['example_skip_dag']) retrieved from /home/airflow/.local/lib/python3.7/site-packages/airflow/example_dags/example_skip_dag.py
[2024-11-01 21:18:49,415] {logging_mixin.py:115} INFO - [2024-11-01 21:18:49,415] {manager.py:508} INFO - Created Permission View: can delete on DAG:example_skip_dag
[2024-11-01 21:18:49,423] {logging_mixin.py:115} INFO - [2024-11-01 21:18:49,423] {manager.py:508} INFO - Created Permission View: can read on DAG:example_skip_dag
[2024-11-01 21:18:49,430] {logging_mixin.py:115} INFO - [2024-11-01 21:18:49,430] {manager.py:508} INFO - Created Permission View: can edit on DAG:example_skip_dag
[2024-11-01 21:18:49,430] {logging_mixin.py:115} INFO - [2024-11-01 21:18:49,430] {dag.py:2371} INFO - Sync 1 DAGs
[2024-11-01 21:18:49,435] {logging_mixin.py:115} INFO - [2024-11-01 21:18:49,435] {dag.py:2390} INFO - Creating ORM DAG for example_skip_dag
[2024-11-01 21:18:49,444] {logging_mixin.py:115} INFO - [2024-11-01 21:18:49,444] {dag.py:2919} INFO - Setting next_dagrun for example_skip_dag to 2024-10-31T21:18:49.444096+00:00, run_after=2024-11-01T21:18:49.444096+00:00
[2024-11-01 21:18:49,456] {processor.py:161} INFO - Processing /home/airflow/.local/lib/python3.7/site-packages/airflow/example_dags/example_skip_dag.py took 0.208 seconds
[2024-11-01 21:19:20,131] {processor.py:153} INFO - Started process (PID=106) to work on /home/airflow/.local/lib/python3.7/site-packages/airflow/example_dags/example_skip_dag.py
[2024-11-01 21:19:20,132] {processor.py:641} INFO - Processing file /home/airflow/.local/lib/python3.7/site-packages/airflow/example_dags/example_skip_dag.py for tasks to queue
[2024-11-01 21:19:20,132] {logging_mixin.py:115} INFO - [2024-11-01 21:19:20,132] {dagbag.py:507} INFO - Filling up the DagBag from /home/airflow/.local/lib/python3.7/site-packages/airflow/example_dags/example_skip_dag.py
[2024-11-01 21:19:20,136] {processor.py:651} INFO - DAG(s) dict_keys(['example_skip_dag']) retrieved from /home/airflow/.local/lib/python3.7/site-packages/airflow/example_dags/example_skip_dag.py
[2024-11-01 21:19:20,152] {logging_mixin.py:115} INFO - [2024-11-01 21:19:20,152] {dag.py:2371} INFO - Sync 1 DAGs
[2024-11-01 21:19:20,174] {logging_mixin.py:115} INFO - [2024-11-01 21:19:20,173] {dag.py:2919} INFO - Setting next_dagrun for example_skip_dag to 2024-10-31T21:19:20.173648+00:00, run_after=2024-11-01T21:19:20.173648+00:00
[2024-11-01 21:19:20,189] {processor.py:161} INFO - Processing /home/airflow/.local/lib/python3.7/site-packages/airflow/example_dags/example_skip_dag.py took 0.061 seconds
[2024-11-01 21:19:50,799] {processor.py:153} INFO - Started process (PID=140) to work on /home/airflow/.local/lib/python3.7/site-packages/airflow/example_dags/example_skip_dag.py
[2024-11-01 21:19:50,800] {processor.py:641} INFO - Processing file /home/airflow/.local/lib/python3.7/site-packages/airflow/example_dags/example_skip_dag.py for tasks to queue
[2024-11-01 21:19:50,800] {logging_mixin.py:115} INFO - [2024-11-01 21:19:50,800] {dagbag.py:507} INFO - Filling up the DagBag from /home/airflow/.local/lib/python3.7/site-packages/airflow/example_dags/example_skip_dag.py
[2024-11-01 21:19:50,804] {processor.py:651} INFO - DAG(s) dict_keys(['example_skip_dag']) retrieved from /home/airflow/.local/lib/python3.7/site-packages/airflow/example_dags/example_skip_dag.py
[2024-11-01 21:19:50,822] {logging_mixin.py:115} INFO - [2024-11-01 21:19:50,822] {dag.py:2371} INFO - Sync 1 DAGs
[2024-11-01 21:19:50,835] {logging_mixin.py:115} INFO - [2024-11-01 21:19:50,835] {dag.py:2919} INFO - Setting next_dagrun for example_skip_dag to 2024-10-31T21:19:50.835485+00:00, run_after=2024-11-01T21:19:50.835485+00:00
[2024-11-01 21:19:50,845] {processor.py:161} INFO - Processing /home/airflow/.local/lib/python3.7/site-packages/airflow/example_dags/example_skip_dag.py took 0.050 seconds
[2024-11-01 21:20:21,481] {processor.py:153} INFO - Started process (PID=181) to work on /home/airflow/.local/lib/python3.7/site-packages/airflow/example_dags/example_skip_dag.py
[2024-11-01 21:20:21,481] {processor.py:641} INFO - Processing file /home/airflow/.local/lib/python3.7/site-packages/airflow/example_dags/example_skip_dag.py for tasks to queue
[2024-11-01 21:20:21,482] {logging_mixin.py:115} INFO - [2024-11-01 21:20:21,482] {dagbag.py:507} INFO - Filling up the DagBag from /home/airflow/.local/lib/python3.7/site-packages/airflow/example_dags/example_skip_dag.py
[2024-11-01 21:20:21,486] {processor.py:651} INFO - DAG(s) dict_keys(['example_skip_dag']) retrieved from /home/airflow/.local/lib/python3.7/site-packages/airflow/example_dags/example_skip_dag.py
[2024-11-01 21:20:21,504] {logging_mixin.py:115} INFO - [2024-11-01 21:20:21,504] {dag.py:2371} INFO - Sync 1 DAGs
[2024-11-01 21:20:21,516] {logging_mixin.py:115} INFO - [2024-11-01 21:20:21,516] {dag.py:2919} INFO - Setting next_dagrun for example_skip_dag to 2024-10-31T21:20:21.516563+00:00, run_after=2024-11-01T21:20:21.516563+00:00
[2024-11-01 21:20:21,526] {processor.py:161} INFO - Processing /home/airflow/.local/lib/python3.7/site-packages/airflow/example_dags/example_skip_dag.py took 0.047 seconds
[2024-11-01 21:20:52,164] {processor.py:153} INFO - Started process (PID=215) to work on /home/airflow/.local/lib/python3.7/site-packages/airflow/example_dags/example_skip_dag.py
[2024-11-01 21:20:52,164] {processor.py:641} INFO - Processing file /home/airflow/.local/lib/python3.7/site-packages/airflow/example_dags/example_skip_dag.py for tasks to queue
[2024-11-01 21:20:52,165] {logging_mixin.py:115} INFO - [2024-11-01 21:20:52,165] {dagbag.py:507} INFO - Filling up the DagBag from /home/airflow/.local/lib/python3.7/site-packages/airflow/example_dags/example_skip_dag.py
[2024-11-01 21:20:52,168] {processor.py:651} INFO - DAG(s) dict_keys(['example_skip_dag']) retrieved from /home/airflow/.local/lib/python3.7/site-packages/airflow/example_dags/example_skip_dag.py
[2024-11-01 21:20:52,194] {logging_mixin.py:115} INFO - [2024-11-01 21:20:52,194] {dag.py:2371} INFO - Sync 1 DAGs
[2024-11-01 21:20:52,212] {logging_mixin.py:115} INFO - [2024-11-01 21:20:52,212] {dag.py:2919} INFO - Setting next_dagrun for example_skip_dag to 2024-10-31T21:20:52.212293+00:00, run_after=2024-11-01T21:20:52.212293+00:00
[2024-11-01 21:20:52,222] {processor.py:161} INFO - Processing /home/airflow/.local/lib/python3.7/site-packages/airflow/example_dags/example_skip_dag.py took 0.060 seconds
[2024-11-01 21:21:22,957] {processor.py:153} INFO - Started process (PID=256) to work on /home/airflow/.local/lib/python3.7/site-packages/airflow/example_dags/example_skip_dag.py
[2024-11-01 21:21:22,958] {processor.py:641} INFO - Processing file /home/airflow/.local/lib/python3.7/site-packages/airflow/example_dags/example_skip_dag.py for tasks to queue
[2024-11-01 21:21:22,958] {logging_mixin.py:115} INFO - [2024-11-01 21:21:22,958] {dagbag.py:507} INFO - Filling up the DagBag from /home/airflow/.local/lib/python3.7/site-packages/airflow/example_dags/example_skip_dag.py
[2024-11-01 21:21:22,963] {processor.py:651} INFO - DAG(s) dict_keys(['example_skip_dag']) retrieved from /home/airflow/.local/lib/python3.7/site-packages/airflow/example_dags/example_skip_dag.py
[2024-11-01 21:21:22,981] {logging_mixin.py:115} INFO - [2024-11-01 21:21:22,980] {dag.py:2371} INFO - Sync 1 DAGs
[2024-11-01 21:21:22,992] {logging_mixin.py:115} INFO - [2024-11-01 21:21:22,992] {dag.py:2919} INFO - Setting next_dagrun for example_skip_dag to 2024-10-31T21:21:22.992443+00:00, run_after=2024-11-01T21:21:22.992443+00:00
[2024-11-01 21:21:23,001] {processor.py:161} INFO - Processing /home/airflow/.local/lib/python3.7/site-packages/airflow/example_dags/example_skip_dag.py took 0.048 seconds
[2024-11-01 21:21:53,780] {processor.py:153} INFO - Started process (PID=290) to work on /home/airflow/.local/lib/python3.7/site-packages/airflow/example_dags/example_skip_dag.py
[2024-11-01 21:21:53,781] {processor.py:641} INFO - Processing file /home/airflow/.local/lib/python3.7/site-packages/airflow/example_dags/example_skip_dag.py for tasks to queue
[2024-11-01 21:21:53,781] {logging_mixin.py:115} INFO - [2024-11-01 21:21:53,781] {dagbag.py:507} INFO - Filling up the DagBag from /home/airflow/.local/lib/python3.7/site-packages/airflow/example_dags/example_skip_dag.py
[2024-11-01 21:21:53,784] {processor.py:651} INFO - DAG(s) dict_keys(['example_skip_dag']) retrieved from /home/airflow/.local/lib/python3.7/site-packages/airflow/example_dags/example_skip_dag.py
[2024-11-01 21:21:53,802] {logging_mixin.py:115} INFO - [2024-11-01 21:21:53,802] {dag.py:2371} INFO - Sync 1 DAGs
[2024-11-01 21:21:53,817] {logging_mixin.py:115} INFO - [2024-11-01 21:21:53,817] {dag.py:2919} INFO - Setting next_dagrun for example_skip_dag to 2024-10-31T21:21:53.817226+00:00, run_after=2024-11-01T21:21:53.817226+00:00
[2024-11-01 21:21:53,827] {processor.py:161} INFO - Processing /home/airflow/.local/lib/python3.7/site-packages/airflow/example_dags/example_skip_dag.py took 0.049 seconds
