[2024-11-01 21:18:48,170] {processor.py:153} INFO - Started process (PID=61) to work on /home/airflow/.local/lib/python3.7/site-packages/airflow/example_dags/example_time_delta_sensor_async.py
[2024-11-01 21:18:48,170] {processor.py:641} INFO - Processing file /home/airflow/.local/lib/python3.7/site-packages/airflow/example_dags/example_time_delta_sensor_async.py for tasks to queue
[2024-11-01 21:18:48,171] {logging_mixin.py:115} INFO - [2024-11-01 21:18:48,171] {dagbag.py:507} INFO - Filling up the DagBag from /home/airflow/.local/lib/python3.7/site-packages/airflow/example_dags/example_time_delta_sensor_async.py
[2024-11-01 21:18:48,176] {processor.py:651} INFO - DAG(s) dict_keys(['example_time_delta_sensor_async']) retrieved from /home/airflow/.local/lib/python3.7/site-packages/airflow/example_dags/example_time_delta_sensor_async.py
[2024-11-01 21:18:48,329] {logging_mixin.py:115} INFO - [2024-11-01 21:18:48,329] {manager.py:508} INFO - Created Permission View: can delete on DAG:example_time_delta_sensor_async
[2024-11-01 21:18:48,337] {logging_mixin.py:115} INFO - [2024-11-01 21:18:48,337] {manager.py:508} INFO - Created Permission View: can read on DAG:example_time_delta_sensor_async
[2024-11-01 21:18:48,343] {logging_mixin.py:115} INFO - [2024-11-01 21:18:48,343] {manager.py:508} INFO - Created Permission View: can edit on DAG:example_time_delta_sensor_async
[2024-11-01 21:18:48,344] {logging_mixin.py:115} INFO - [2024-11-01 21:18:48,343] {dag.py:2371} INFO - Sync 1 DAGs
[2024-11-01 21:18:48,350] {logging_mixin.py:115} INFO - [2024-11-01 21:18:48,350] {dag.py:2390} INFO - Creating ORM DAG for example_time_delta_sensor_async
[2024-11-01 21:18:48,363] {logging_mixin.py:115} INFO - [2024-11-01 21:18:48,363] {dag.py:2919} INFO - Setting next_dagrun for example_time_delta_sensor_async to None, run_after=None
[2024-11-01 21:18:48,379] {processor.py:161} INFO - Processing /home/airflow/.local/lib/python3.7/site-packages/airflow/example_dags/example_time_delta_sensor_async.py took 0.213 seconds
[2024-11-01 21:19:18,658] {processor.py:153} INFO - Started process (PID=95) to work on /home/airflow/.local/lib/python3.7/site-packages/airflow/example_dags/example_time_delta_sensor_async.py
[2024-11-01 21:19:18,659] {processor.py:641} INFO - Processing file /home/airflow/.local/lib/python3.7/site-packages/airflow/example_dags/example_time_delta_sensor_async.py for tasks to queue
[2024-11-01 21:19:18,659] {logging_mixin.py:115} INFO - [2024-11-01 21:19:18,659] {dagbag.py:507} INFO - Filling up the DagBag from /home/airflow/.local/lib/python3.7/site-packages/airflow/example_dags/example_time_delta_sensor_async.py
[2024-11-01 21:19:18,662] {processor.py:651} INFO - DAG(s) dict_keys(['example_time_delta_sensor_async']) retrieved from /home/airflow/.local/lib/python3.7/site-packages/airflow/example_dags/example_time_delta_sensor_async.py
[2024-11-01 21:19:18,691] {logging_mixin.py:115} INFO - [2024-11-01 21:19:18,691] {dag.py:2371} INFO - Sync 1 DAGs
[2024-11-01 21:19:18,705] {logging_mixin.py:115} INFO - [2024-11-01 21:19:18,705] {dag.py:2919} INFO - Setting next_dagrun for example_time_delta_sensor_async to None, run_after=None
[2024-11-01 21:19:18,716] {processor.py:161} INFO - Processing /home/airflow/.local/lib/python3.7/site-packages/airflow/example_dags/example_time_delta_sensor_async.py took 0.059 seconds
[2024-11-01 21:19:49,330] {processor.py:153} INFO - Started process (PID=129) to work on /home/airflow/.local/lib/python3.7/site-packages/airflow/example_dags/example_time_delta_sensor_async.py
[2024-11-01 21:19:49,331] {processor.py:641} INFO - Processing file /home/airflow/.local/lib/python3.7/site-packages/airflow/example_dags/example_time_delta_sensor_async.py for tasks to queue
[2024-11-01 21:19:49,331] {logging_mixin.py:115} INFO - [2024-11-01 21:19:49,331] {dagbag.py:507} INFO - Filling up the DagBag from /home/airflow/.local/lib/python3.7/site-packages/airflow/example_dags/example_time_delta_sensor_async.py
[2024-11-01 21:19:49,334] {processor.py:651} INFO - DAG(s) dict_keys(['example_time_delta_sensor_async']) retrieved from /home/airflow/.local/lib/python3.7/site-packages/airflow/example_dags/example_time_delta_sensor_async.py
[2024-11-01 21:19:49,363] {logging_mixin.py:115} INFO - [2024-11-01 21:19:49,363] {dag.py:2371} INFO - Sync 1 DAGs
[2024-11-01 21:19:49,382] {logging_mixin.py:115} INFO - [2024-11-01 21:19:49,381] {dag.py:2919} INFO - Setting next_dagrun for example_time_delta_sensor_async to None, run_after=None
[2024-11-01 21:19:49,399] {processor.py:161} INFO - Processing /home/airflow/.local/lib/python3.7/site-packages/airflow/example_dags/example_time_delta_sensor_async.py took 0.072 seconds
[2024-11-01 21:20:20,031] {processor.py:153} INFO - Started process (PID=170) to work on /home/airflow/.local/lib/python3.7/site-packages/airflow/example_dags/example_time_delta_sensor_async.py
[2024-11-01 21:20:20,031] {processor.py:641} INFO - Processing file /home/airflow/.local/lib/python3.7/site-packages/airflow/example_dags/example_time_delta_sensor_async.py for tasks to queue
[2024-11-01 21:20:20,031] {logging_mixin.py:115} INFO - [2024-11-01 21:20:20,031] {dagbag.py:507} INFO - Filling up the DagBag from /home/airflow/.local/lib/python3.7/site-packages/airflow/example_dags/example_time_delta_sensor_async.py
[2024-11-01 21:20:20,037] {processor.py:651} INFO - DAG(s) dict_keys(['example_time_delta_sensor_async']) retrieved from /home/airflow/.local/lib/python3.7/site-packages/airflow/example_dags/example_time_delta_sensor_async.py
[2024-11-01 21:20:20,063] {logging_mixin.py:115} INFO - [2024-11-01 21:20:20,063] {dag.py:2371} INFO - Sync 1 DAGs
[2024-11-01 21:20:20,076] {logging_mixin.py:115} INFO - [2024-11-01 21:20:20,076] {dag.py:2919} INFO - Setting next_dagrun for example_time_delta_sensor_async to None, run_after=None
[2024-11-01 21:20:20,086] {processor.py:161} INFO - Processing /home/airflow/.local/lib/python3.7/site-packages/airflow/example_dags/example_time_delta_sensor_async.py took 0.059 seconds
[2024-11-01 21:20:50,697] {processor.py:153} INFO - Started process (PID=204) to work on /home/airflow/.local/lib/python3.7/site-packages/airflow/example_dags/example_time_delta_sensor_async.py
[2024-11-01 21:20:50,698] {processor.py:641} INFO - Processing file /home/airflow/.local/lib/python3.7/site-packages/airflow/example_dags/example_time_delta_sensor_async.py for tasks to queue
[2024-11-01 21:20:50,698] {logging_mixin.py:115} INFO - [2024-11-01 21:20:50,698] {dagbag.py:507} INFO - Filling up the DagBag from /home/airflow/.local/lib/python3.7/site-packages/airflow/example_dags/example_time_delta_sensor_async.py
[2024-11-01 21:20:50,702] {processor.py:651} INFO - DAG(s) dict_keys(['example_time_delta_sensor_async']) retrieved from /home/airflow/.local/lib/python3.7/site-packages/airflow/example_dags/example_time_delta_sensor_async.py
[2024-11-01 21:20:50,726] {logging_mixin.py:115} INFO - [2024-11-01 21:20:50,726] {dag.py:2371} INFO - Sync 1 DAGs
[2024-11-01 21:20:50,740] {logging_mixin.py:115} INFO - [2024-11-01 21:20:50,740] {dag.py:2919} INFO - Setting next_dagrun for example_time_delta_sensor_async to None, run_after=None
[2024-11-01 21:20:50,753] {processor.py:161} INFO - Processing /home/airflow/.local/lib/python3.7/site-packages/airflow/example_dags/example_time_delta_sensor_async.py took 0.058 seconds
[2024-11-01 21:21:21,450] {processor.py:153} INFO - Started process (PID=245) to work on /home/airflow/.local/lib/python3.7/site-packages/airflow/example_dags/example_time_delta_sensor_async.py
[2024-11-01 21:21:21,451] {processor.py:641} INFO - Processing file /home/airflow/.local/lib/python3.7/site-packages/airflow/example_dags/example_time_delta_sensor_async.py for tasks to queue
[2024-11-01 21:21:21,451] {logging_mixin.py:115} INFO - [2024-11-01 21:21:21,451] {dagbag.py:507} INFO - Filling up the DagBag from /home/airflow/.local/lib/python3.7/site-packages/airflow/example_dags/example_time_delta_sensor_async.py
[2024-11-01 21:21:21,454] {processor.py:651} INFO - DAG(s) dict_keys(['example_time_delta_sensor_async']) retrieved from /home/airflow/.local/lib/python3.7/site-packages/airflow/example_dags/example_time_delta_sensor_async.py
[2024-11-01 21:21:21,476] {logging_mixin.py:115} INFO - [2024-11-01 21:21:21,476] {dag.py:2371} INFO - Sync 1 DAGs
[2024-11-01 21:21:21,493] {logging_mixin.py:115} INFO - [2024-11-01 21:21:21,493] {dag.py:2919} INFO - Setting next_dagrun for example_time_delta_sensor_async to None, run_after=None
[2024-11-01 21:21:21,504] {processor.py:161} INFO - Processing /home/airflow/.local/lib/python3.7/site-packages/airflow/example_dags/example_time_delta_sensor_async.py took 0.056 seconds
[2024-11-01 21:21:52,200] {processor.py:153} INFO - Started process (PID=279) to work on /home/airflow/.local/lib/python3.7/site-packages/airflow/example_dags/example_time_delta_sensor_async.py
[2024-11-01 21:21:52,201] {processor.py:641} INFO - Processing file /home/airflow/.local/lib/python3.7/site-packages/airflow/example_dags/example_time_delta_sensor_async.py for tasks to queue
[2024-11-01 21:21:52,202] {logging_mixin.py:115} INFO - [2024-11-01 21:21:52,202] {dagbag.py:507} INFO - Filling up the DagBag from /home/airflow/.local/lib/python3.7/site-packages/airflow/example_dags/example_time_delta_sensor_async.py
[2024-11-01 21:21:52,208] {processor.py:651} INFO - DAG(s) dict_keys(['example_time_delta_sensor_async']) retrieved from /home/airflow/.local/lib/python3.7/site-packages/airflow/example_dags/example_time_delta_sensor_async.py
[2024-11-01 21:21:52,256] {logging_mixin.py:115} INFO - [2024-11-01 21:21:52,256] {dag.py:2371} INFO - Sync 1 DAGs
[2024-11-01 21:21:52,283] {logging_mixin.py:115} INFO - [2024-11-01 21:21:52,283] {dag.py:2919} INFO - Setting next_dagrun for example_time_delta_sensor_async to None, run_after=None
[2024-11-01 21:21:52,294] {processor.py:161} INFO - Processing /home/airflow/.local/lib/python3.7/site-packages/airflow/example_dags/example_time_delta_sensor_async.py took 0.097 seconds
