[2024-11-01 21:18:47,136] {processor.py:153} INFO - Started process (PID=52) to work on /home/airflow/.local/lib/python3.7/site-packages/airflow/example_dags/tutorial_etl_dag.py
[2024-11-01 21:18:47,136] {processor.py:641} INFO - Processing file /home/airflow/.local/lib/python3.7/site-packages/airflow/example_dags/tutorial_etl_dag.py for tasks to queue
[2024-11-01 21:18:47,137] {logging_mixin.py:115} INFO - [2024-11-01 21:18:47,137] {dagbag.py:507} INFO - Filling up the DagBag from /home/airflow/.local/lib/python3.7/site-packages/airflow/example_dags/tutorial_etl_dag.py
[2024-11-01 21:18:47,142] {processor.py:651} INFO - DAG(s) dict_keys(['tutorial_etl_dag']) retrieved from /home/airflow/.local/lib/python3.7/site-packages/airflow/example_dags/tutorial_etl_dag.py
[2024-11-01 21:18:47,288] {logging_mixin.py:115} INFO - [2024-11-01 21:18:47,288] {manager.py:508} INFO - Created Permission View: can delete on DAG:tutorial_etl_dag
[2024-11-01 21:18:47,296] {logging_mixin.py:115} INFO - [2024-11-01 21:18:47,296] {manager.py:508} INFO - Created Permission View: can read on DAG:tutorial_etl_dag
[2024-11-01 21:18:47,303] {logging_mixin.py:115} INFO - [2024-11-01 21:18:47,303] {manager.py:508} INFO - Created Permission View: can edit on DAG:tutorial_etl_dag
[2024-11-01 21:18:47,303] {logging_mixin.py:115} INFO - [2024-11-01 21:18:47,303] {dag.py:2371} INFO - Sync 1 DAGs
[2024-11-01 21:18:47,311] {logging_mixin.py:115} INFO - [2024-11-01 21:18:47,311] {dag.py:2390} INFO - Creating ORM DAG for tutorial_etl_dag
[2024-11-01 21:18:47,319] {logging_mixin.py:115} INFO - [2024-11-01 21:18:47,318] {dag.py:2919} INFO - Setting next_dagrun for tutorial_etl_dag to None, run_after=None
[2024-11-01 21:18:47,329] {processor.py:161} INFO - Processing /home/airflow/.local/lib/python3.7/site-packages/airflow/example_dags/tutorial_etl_dag.py took 0.195 seconds
[2024-11-01 21:19:18,159] {processor.py:153} INFO - Started process (PID=86) to work on /home/airflow/.local/lib/python3.7/site-packages/airflow/example_dags/tutorial_etl_dag.py
[2024-11-01 21:19:18,160] {processor.py:641} INFO - Processing file /home/airflow/.local/lib/python3.7/site-packages/airflow/example_dags/tutorial_etl_dag.py for tasks to queue
[2024-11-01 21:19:18,160] {logging_mixin.py:115} INFO - [2024-11-01 21:19:18,160] {dagbag.py:507} INFO - Filling up the DagBag from /home/airflow/.local/lib/python3.7/site-packages/airflow/example_dags/tutorial_etl_dag.py
[2024-11-01 21:19:18,164] {processor.py:651} INFO - DAG(s) dict_keys(['tutorial_etl_dag']) retrieved from /home/airflow/.local/lib/python3.7/site-packages/airflow/example_dags/tutorial_etl_dag.py
[2024-11-01 21:19:18,194] {logging_mixin.py:115} INFO - [2024-11-01 21:19:18,193] {dag.py:2371} INFO - Sync 1 DAGs
[2024-11-01 21:19:18,207] {logging_mixin.py:115} INFO - [2024-11-01 21:19:18,207] {dag.py:2919} INFO - Setting next_dagrun for tutorial_etl_dag to None, run_after=None
[2024-11-01 21:19:18,216] {processor.py:161} INFO - Processing /home/airflow/.local/lib/python3.7/site-packages/airflow/example_dags/tutorial_etl_dag.py took 0.059 seconds
[2024-11-01 21:19:48,862] {processor.py:153} INFO - Started process (PID=120) to work on /home/airflow/.local/lib/python3.7/site-packages/airflow/example_dags/tutorial_etl_dag.py
[2024-11-01 21:19:48,863] {processor.py:641} INFO - Processing file /home/airflow/.local/lib/python3.7/site-packages/airflow/example_dags/tutorial_etl_dag.py for tasks to queue
[2024-11-01 21:19:48,863] {logging_mixin.py:115} INFO - [2024-11-01 21:19:48,863] {dagbag.py:507} INFO - Filling up the DagBag from /home/airflow/.local/lib/python3.7/site-packages/airflow/example_dags/tutorial_etl_dag.py
[2024-11-01 21:19:48,867] {processor.py:651} INFO - DAG(s) dict_keys(['tutorial_etl_dag']) retrieved from /home/airflow/.local/lib/python3.7/site-packages/airflow/example_dags/tutorial_etl_dag.py
[2024-11-01 21:19:48,882] {logging_mixin.py:115} INFO - [2024-11-01 21:19:48,881] {dag.py:2371} INFO - Sync 1 DAGs
[2024-11-01 21:19:48,895] {logging_mixin.py:115} INFO - [2024-11-01 21:19:48,895] {dag.py:2919} INFO - Setting next_dagrun for tutorial_etl_dag to None, run_after=None
[2024-11-01 21:19:48,906] {processor.py:161} INFO - Processing /home/airflow/.local/lib/python3.7/site-packages/airflow/example_dags/tutorial_etl_dag.py took 0.046 seconds
[2024-11-01 21:20:19,542] {processor.py:153} INFO - Started process (PID=161) to work on /home/airflow/.local/lib/python3.7/site-packages/airflow/example_dags/tutorial_etl_dag.py
[2024-11-01 21:20:19,542] {processor.py:641} INFO - Processing file /home/airflow/.local/lib/python3.7/site-packages/airflow/example_dags/tutorial_etl_dag.py for tasks to queue
[2024-11-01 21:20:19,543] {logging_mixin.py:115} INFO - [2024-11-01 21:20:19,543] {dagbag.py:507} INFO - Filling up the DagBag from /home/airflow/.local/lib/python3.7/site-packages/airflow/example_dags/tutorial_etl_dag.py
[2024-11-01 21:20:19,547] {processor.py:651} INFO - DAG(s) dict_keys(['tutorial_etl_dag']) retrieved from /home/airflow/.local/lib/python3.7/site-packages/airflow/example_dags/tutorial_etl_dag.py
[2024-11-01 21:20:19,562] {logging_mixin.py:115} INFO - [2024-11-01 21:20:19,561] {dag.py:2371} INFO - Sync 1 DAGs
[2024-11-01 21:20:19,574] {logging_mixin.py:115} INFO - [2024-11-01 21:20:19,574] {dag.py:2919} INFO - Setting next_dagrun for tutorial_etl_dag to None, run_after=None
[2024-11-01 21:20:19,584] {processor.py:161} INFO - Processing /home/airflow/.local/lib/python3.7/site-packages/airflow/example_dags/tutorial_etl_dag.py took 0.045 seconds
[2024-11-01 21:20:50,210] {processor.py:153} INFO - Started process (PID=195) to work on /home/airflow/.local/lib/python3.7/site-packages/airflow/example_dags/tutorial_etl_dag.py
[2024-11-01 21:20:50,210] {processor.py:641} INFO - Processing file /home/airflow/.local/lib/python3.7/site-packages/airflow/example_dags/tutorial_etl_dag.py for tasks to queue
[2024-11-01 21:20:50,210] {logging_mixin.py:115} INFO - [2024-11-01 21:20:50,210] {dagbag.py:507} INFO - Filling up the DagBag from /home/airflow/.local/lib/python3.7/site-packages/airflow/example_dags/tutorial_etl_dag.py
[2024-11-01 21:20:50,215] {processor.py:651} INFO - DAG(s) dict_keys(['tutorial_etl_dag']) retrieved from /home/airflow/.local/lib/python3.7/site-packages/airflow/example_dags/tutorial_etl_dag.py
[2024-11-01 21:20:50,232] {logging_mixin.py:115} INFO - [2024-11-01 21:20:50,232] {dag.py:2371} INFO - Sync 1 DAGs
[2024-11-01 21:20:50,247] {logging_mixin.py:115} INFO - [2024-11-01 21:20:50,247] {dag.py:2919} INFO - Setting next_dagrun for tutorial_etl_dag to None, run_after=None
[2024-11-01 21:20:50,256] {processor.py:161} INFO - Processing /home/airflow/.local/lib/python3.7/site-packages/airflow/example_dags/tutorial_etl_dag.py took 0.048 seconds
[2024-11-01 21:21:20,920] {processor.py:153} INFO - Started process (PID=236) to work on /home/airflow/.local/lib/python3.7/site-packages/airflow/example_dags/tutorial_etl_dag.py
[2024-11-01 21:21:20,920] {processor.py:641} INFO - Processing file /home/airflow/.local/lib/python3.7/site-packages/airflow/example_dags/tutorial_etl_dag.py for tasks to queue
[2024-11-01 21:21:20,921] {logging_mixin.py:115} INFO - [2024-11-01 21:21:20,921] {dagbag.py:507} INFO - Filling up the DagBag from /home/airflow/.local/lib/python3.7/site-packages/airflow/example_dags/tutorial_etl_dag.py
[2024-11-01 21:21:20,927] {processor.py:651} INFO - DAG(s) dict_keys(['tutorial_etl_dag']) retrieved from /home/airflow/.local/lib/python3.7/site-packages/airflow/example_dags/tutorial_etl_dag.py
[2024-11-01 21:21:20,950] {logging_mixin.py:115} INFO - [2024-11-01 21:21:20,950] {dag.py:2371} INFO - Sync 1 DAGs
[2024-11-01 21:21:20,966] {logging_mixin.py:115} INFO - [2024-11-01 21:21:20,966] {dag.py:2919} INFO - Setting next_dagrun for tutorial_etl_dag to None, run_after=None
[2024-11-01 21:21:20,977] {processor.py:161} INFO - Processing /home/airflow/.local/lib/python3.7/site-packages/airflow/example_dags/tutorial_etl_dag.py took 0.060 seconds
[2024-11-01 21:21:51,562] {processor.py:153} INFO - Started process (PID=270) to work on /home/airflow/.local/lib/python3.7/site-packages/airflow/example_dags/tutorial_etl_dag.py
[2024-11-01 21:21:51,563] {processor.py:641} INFO - Processing file /home/airflow/.local/lib/python3.7/site-packages/airflow/example_dags/tutorial_etl_dag.py for tasks to queue
[2024-11-01 21:21:51,563] {logging_mixin.py:115} INFO - [2024-11-01 21:21:51,563] {dagbag.py:507} INFO - Filling up the DagBag from /home/airflow/.local/lib/python3.7/site-packages/airflow/example_dags/tutorial_etl_dag.py
[2024-11-01 21:21:51,568] {processor.py:651} INFO - DAG(s) dict_keys(['tutorial_etl_dag']) retrieved from /home/airflow/.local/lib/python3.7/site-packages/airflow/example_dags/tutorial_etl_dag.py
[2024-11-01 21:21:51,592] {logging_mixin.py:115} INFO - [2024-11-01 21:21:51,591] {dag.py:2371} INFO - Sync 1 DAGs
[2024-11-01 21:21:51,606] {logging_mixin.py:115} INFO - [2024-11-01 21:21:51,606] {dag.py:2919} INFO - Setting next_dagrun for tutorial_etl_dag to None, run_after=None
[2024-11-01 21:21:51,617] {processor.py:161} INFO - Processing /home/airflow/.local/lib/python3.7/site-packages/airflow/example_dags/tutorial_etl_dag.py took 0.058 seconds
